01-05 14:08:43 com_github_MitjaNemec_ReplicateLayout.action_replicate_layout 392:Plugin executed on: 'linux'
01-05 14:08:43 com_github_MitjaNemec_ReplicateLayout.action_replicate_layout 393:Plugin executed with python version: '3.13.1 (main, Dec  4 2024, 18:05:56) [GCC 14.2.1 20240910]'
01-05 14:08:43 com_github_MitjaNemec_ReplicateLayout.action_replicate_layout 394:KiCad build version: 8.0.7
01-05 14:08:43 com_github_MitjaNemec_ReplicateLayout.action_replicate_layout 395:Plugin version: 3.0.3
01-05 14:08:43 com_github_MitjaNemec_ReplicateLayout.action_replicate_layout 396:Frame repr: <wx._core.Frame object at 0x78c3ac9ff770>
01-05 14:08:43 com_github_MitjaNemec_ReplicateLayout.action_replicate_layout 420:Preparing replicator with C8 as a reference
01-05 14:08:43 com_github_MitjaNemec_ReplicateLayout.replicate_layout 117:getting a list of all footprints on board
01-05 14:08:43 com_github_MitjaNemec_ReplicateLayout.action_replicate_layout 468:source anchor footprint is 'C8'
Located on: ['drivergates1']
With filenames: ['gates.kicad_sch']
With sheet_id:['drivergates1']
01-05 14:08:43 com_github_MitjaNemec_ReplicateLayout.action_replicate_layout 475:Corresponding footprints are 
[('C116', ['drivergates2']), ('C153', ['drivergates3']), ('C8', ['drivergates1'])]
01-05 14:08:43 com_github_MitjaNemec_ReplicateLayout.action_replicate_layout 487:Showing dialog
01-05 14:08:43 com_github_MitjaNemec_ReplicateLayout.replicate_layout 472:constructing a list of sheets suitable for replication on level:'drivergates1', file:'gates.kicad_sch'
01-05 14:08:43 com_github_MitjaNemec_ReplicateLayout.replicate_layout 509:suitable sheets are:[['drivergates2'], ['drivergates3']]
01-05 14:08:43 com_github_MitjaNemec_ReplicateLayout.replicate_layout 1507:Level selected: ['drivergates1']
01-05 14:08:43 com_github_MitjaNemec_ReplicateLayout.replicate_layout 1331:Filtering list of tracks
01-05 14:08:43 com_github_MitjaNemec_ReplicateLayout.action_replicate_layout 493:Toolbar position: wx.Point(2506, 109)
01-05 14:08:43 com_github_MitjaNemec_ReplicateLayout.action_replicate_layout 498:Dialog position: wx.Point(2067, 109)
01-05 14:08:45 com_github_MitjaNemec_ReplicateLayout.replicate_layout 472:constructing a list of sheets suitable for replication on level:'drivergates1', file:'gates.kicad_sch'
01-05 14:08:45 com_github_MitjaNemec_ReplicateLayout.replicate_layout 509:suitable sheets are:[['drivergates2'], ['drivergates3']]
01-05 14:08:45 com_github_MitjaNemec_ReplicateLayout.action_replicate_layout 240:Replicating layout
01-05 14:08:45 com_github_MitjaNemec_ReplicateLayout.replicate_layout 288:Starting replication of sheets: [['drivergates2'], ['drivergates3']]
on level: ['drivergates1']
with tracks=True, zone=True, text=True, text=True, intersecting=False, remove=False, locked footprints=False, group_only=False
01-05 14:08:45 root 332:updating GUI message: 'Preparing for replication'
01-05 14:08:45 com_github_MitjaNemec_ReplicateLayout.replicate_layout 358:Getting the list of source footprints
01-05 14:08:45 root 337:updating GUI with: 0
01-05 14:08:45 com_github_MitjaNemec_ReplicateLayout.replicate_layout 368:Getting the list of all the remaining footprints
01-05 14:08:45 com_github_MitjaNemec_ReplicateLayout.replicate_layout 375:Getting source tracks
01-05 14:08:45 com_github_MitjaNemec_ReplicateLayout.replicate_layout 1331:Filtering list of tracks
01-05 14:08:45 com_github_MitjaNemec_ReplicateLayout.replicate_layout 379:Getting source zones
01-05 14:08:45 com_github_MitjaNemec_ReplicateLayout.replicate_layout 383:Getting source text items
01-05 14:08:45 root 337:updating GUI with: 66
01-05 14:08:45 com_github_MitjaNemec_ReplicateLayout.replicate_layout 387:Getting source drawing items
01-05 14:08:45 root 332:updating GUI message: 'Replicating footprints'
01-05 14:08:45 root 337:updating GUI with: 0
01-05 14:08:45 com_github_MitjaNemec_ReplicateLayout.replicate_layout 861:Replicating footprints
01-05 14:08:45 com_github_MitjaNemec_ReplicateLayout.replicate_layout 868:Replicating footprints on sheet ['drivergates2']
01-05 14:08:45 com_github_MitjaNemec_ReplicateLayout.replicate_layout 985:Src text UUid:762efd5b-34a4-461f-947a-c099d3ab06ef
01-05 14:08:45 com_github_MitjaNemec_ReplicateLayout.replicate_layout 986:Dst text UUid:2da82dbd-5abe-4b1d-b6ae-420e94adf4c7
01-05 14:08:45 com_github_MitjaNemec_ReplicateLayout.replicate_layout 985:Src text UUid:e8c07e8d-ee61-4845-9401-08af0d8c67b4
01-05 14:08:45 com_github_MitjaNemec_ReplicateLayout.replicate_layout 986:Dst text UUid:8f265768-1052-4bcf-8884-badf259ef30a
01-05 14:08:45 com_github_MitjaNemec_ReplicateLayout.replicate_layout 985:Src text UUid:3f16f761-d97a-4a37-884f-91df8aff6b61
01-05 14:08:45 com_github_MitjaNemec_ReplicateLayout.replicate_layout 986:Dst text UUid:c75d22db-71e0-4c47-8a22-b45c01dcba60
01-05 14:08:45 com_github_MitjaNemec_ReplicateLayout.replicate_layout 985:Src text UUid:83fda8d8-7b13-483e-b7ec-1fa650a0d0cf
01-05 14:08:45 com_github_MitjaNemec_ReplicateLayout.replicate_layout 986:Dst text UUid:1510879b-b9dc-4fe9-b78f-f3841d983004
01-05 14:08:45 com_github_MitjaNemec_ReplicateLayout.replicate_layout 985:Src text UUid:74eb99f8-ebb8-4ea1-8d33-cd3020d62405
01-05 14:08:45 com_github_MitjaNemec_ReplicateLayout.replicate_layout 986:Dst text UUid:12402e5f-dfc3-4912-b811-e5506bb3c2bc
01-05 14:08:45 com_github_MitjaNemec_ReplicateLayout.replicate_layout 985:Src text UUid:393ff419-0f8a-4b64-95c1-50ca27f15439
01-05 14:08:45 com_github_MitjaNemec_ReplicateLayout.replicate_layout 986:Dst text UUid:2ea7a299-5c24-4b8b-873f-fc96567cbf84
01-05 14:08:45 com_github_MitjaNemec_ReplicateLayout.replicate_layout 985:Src text UUid:239d0eba-271a-47f9-8942-45bb6c29f12f
01-05 14:08:45 com_github_MitjaNemec_ReplicateLayout.replicate_layout 986:Dst text UUid:25eb43cb-3c0a-4754-b20e-8d515ec9ff7d
01-05 14:08:45 com_github_MitjaNemec_ReplicateLayout.replicate_layout 985:Src text UUid:6df69d2d-25f9-459d-aba1-6066b5907bf0
01-05 14:08:45 com_github_MitjaNemec_ReplicateLayout.replicate_layout 986:Dst text UUid:8a9273de-9d0e-4d21-b716-d8671cf6e159
01-05 14:08:45 com_github_MitjaNemec_ReplicateLayout.replicate_layout 985:Src text UUid:bcdcd76f-1f56-41cb-9b95-176ba9b7edb7
01-05 14:08:45 com_github_MitjaNemec_ReplicateLayout.replicate_layout 986:Dst text UUid:8a058638-03f9-4543-afd6-e791ef052742
01-05 14:08:45 com_github_MitjaNemec_ReplicateLayout.replicate_layout 985:Src text UUid:d26a376c-f24c-4206-9d14-29a7f76c4488
01-05 14:08:45 com_github_MitjaNemec_ReplicateLayout.replicate_layout 986:Dst text UUid:af700edc-44cb-4a85-91b1-fe63d53f05e4
01-05 14:08:45 com_github_MitjaNemec_ReplicateLayout.replicate_layout 985:Src text UUid:37e9071a-fea8-407e-9560-31eb8930095f
01-05 14:08:45 com_github_MitjaNemec_ReplicateLayout.replicate_layout 986:Dst text UUid:8fbd8ad1-e19a-4a34-9a50-9aa0f2d451e7
01-05 14:08:45 com_github_MitjaNemec_ReplicateLayout.replicate_layout 985:Src text UUid:68612cb9-7445-4874-a5ed-91ad33f5ae67
01-05 14:08:45 com_github_MitjaNemec_ReplicateLayout.replicate_layout 986:Dst text UUid:9c7bbafd-62a0-48e6-b64b-132f00a11abc
01-05 14:08:45 com_github_MitjaNemec_ReplicateLayout.replicate_layout 985:Src text UUid:b5355d16-a355-4b98-8eab-ae358b7ec862
01-05 14:08:45 com_github_MitjaNemec_ReplicateLayout.replicate_layout 986:Dst text UUid:9fc45393-62e6-4d81-9a51-50b8a961d9a9
01-05 14:08:45 com_github_MitjaNemec_ReplicateLayout.replicate_layout 985:Src text UUid:576268a7-9e81-4da5-b6fa-9c7a5cba3910
01-05 14:08:45 com_github_MitjaNemec_ReplicateLayout.replicate_layout 986:Dst text UUid:d4b8e64c-b73b-48c3-aeab-2ea8898f63cf
01-05 14:08:45 com_github_MitjaNemec_ReplicateLayout.replicate_layout 985:Src text UUid:76fea651-a6b1-43f6-ad64-bdda28a04ab1
01-05 14:08:45 com_github_MitjaNemec_ReplicateLayout.replicate_layout 986:Dst text UUid:0dbb85c6-71e8-409f-97b6-18c4d4dc65dc
01-05 14:08:45 com_github_MitjaNemec_ReplicateLayout.replicate_layout 985:Src text UUid:90e7e8da-c77b-4d66-a277-8210867d6906
01-05 14:08:45 com_github_MitjaNemec_ReplicateLayout.replicate_layout 986:Dst text UUid:c7146e73-c3b8-4e67-b7d4-cddd5e804f5c
01-05 14:08:45 com_github_MitjaNemec_ReplicateLayout.replicate_layout 985:Src text UUid:7e75a84b-1f79-4df3-b30a-753f82e19aee
01-05 14:08:45 com_github_MitjaNemec_ReplicateLayout.replicate_layout 986:Dst text UUid:38975917-1bb3-48db-a0b6-ef00c738220e
01-05 14:08:45 com_github_MitjaNemec_ReplicateLayout.replicate_layout 985:Src text UUid:ca43283a-774a-4689-81a7-81442e47e50a
01-05 14:08:45 com_github_MitjaNemec_ReplicateLayout.replicate_layout 986:Dst text UUid:6a191d33-e2b4-41bc-8288-83418b0a94cd
01-05 14:08:45 com_github_MitjaNemec_ReplicateLayout.replicate_layout 985:Src text UUid:abb17307-183e-4757-b86f-941b8fb06474
01-05 14:08:45 com_github_MitjaNemec_ReplicateLayout.replicate_layout 986:Dst text UUid:3bcd869d-734b-48fa-8e16-02f951c81487
01-05 14:08:45 com_github_MitjaNemec_ReplicateLayout.replicate_layout 985:Src text UUid:41f36707-99fe-4fb1-9a85-330929184b83
01-05 14:08:45 com_github_MitjaNemec_ReplicateLayout.replicate_layout 986:Dst text UUid:cc9effbb-6567-4951-8359-126015c84215
01-05 14:08:45 com_github_MitjaNemec_ReplicateLayout.replicate_layout 985:Src text UUid:7053268a-7348-4384-a0cb-82a59263a48e
01-05 14:08:45 com_github_MitjaNemec_ReplicateLayout.replicate_layout 986:Dst text UUid:1f08faf2-fcda-4593-8632-3f9a287b01ef
01-05 14:08:45 com_github_MitjaNemec_ReplicateLayout.replicate_layout 985:Src text UUid:27b1503d-5e56-4389-aa50-d97b412c00b6
01-05 14:08:45 com_github_MitjaNemec_ReplicateLayout.replicate_layout 986:Dst text UUid:b46fbb59-7f10-4bae-be5c-7b9c020f810b
01-05 14:08:45 com_github_MitjaNemec_ReplicateLayout.replicate_layout 985:Src text UUid:a1916041-04e2-4ce0-b80a-1d09bfa6967e
01-05 14:08:45 com_github_MitjaNemec_ReplicateLayout.replicate_layout 986:Dst text UUid:a34735de-8a4f-4ea4-b496-dfbe664b13d2
01-05 14:08:45 com_github_MitjaNemec_ReplicateLayout.replicate_layout 985:Src text UUid:2605c440-42c3-4ef5-bc8d-84589172dda3
01-05 14:08:45 com_github_MitjaNemec_ReplicateLayout.replicate_layout 986:Dst text UUid:70904b67-759c-48f4-8e6c-afc1fa6f167c
01-05 14:08:45 com_github_MitjaNemec_ReplicateLayout.replicate_layout 985:Src text UUid:23bd4c31-e0b9-4c1e-9249-77ce7a8b860b
01-05 14:08:45 com_github_MitjaNemec_ReplicateLayout.replicate_layout 986:Dst text UUid:a2196170-324e-40f5-aa20-cb41c9b6d80a
01-05 14:08:45 com_github_MitjaNemec_ReplicateLayout.replicate_layout 985:Src text UUid:3b06faa5-b07d-4c3e-88d8-6ada73883f82
01-05 14:08:45 com_github_MitjaNemec_ReplicateLayout.replicate_layout 986:Dst text UUid:69c16359-9208-4ea1-bbc2-da64275192ae
01-05 14:08:45 com_github_MitjaNemec_ReplicateLayout.replicate_layout 985:Src text UUid:f6bd9737-0e73-4570-b137-256c9a4fba35
01-05 14:08:45 com_github_MitjaNemec_ReplicateLayout.replicate_layout 986:Dst text UUid:49271d23-1751-42da-a8eb-0881e353e13e
01-05 14:08:45 com_github_MitjaNemec_ReplicateLayout.replicate_layout 985:Src text UUid:b23567a0-ec57-46ee-9c3d-6dc4bf6b1be3
01-05 14:08:45 com_github_MitjaNemec_ReplicateLayout.replicate_layout 986:Dst text UUid:be2a0b45-ce9a-4bc0-ba59-c94164b93a3b
01-05 14:08:45 com_github_MitjaNemec_ReplicateLayout.replicate_layout 985:Src text UUid:b86a619c-c137-46fe-acec-0713d5682648
01-05 14:08:45 com_github_MitjaNemec_ReplicateLayout.replicate_layout 986:Dst text UUid:11f7ac37-492b-4156-bef1-80b8221ace9e
01-05 14:08:45 com_github_MitjaNemec_ReplicateLayout.replicate_layout 985:Src text UUid:24b53649-2163-4049-a108-83dab5ba67dc
01-05 14:08:45 com_github_MitjaNemec_ReplicateLayout.replicate_layout 986:Dst text UUid:6b72d3f0-6d40-4e66-b736-c42eb3b43e56
01-05 14:08:45 com_github_MitjaNemec_ReplicateLayout.replicate_layout 985:Src text UUid:589eb952-eb54-4aaa-8351-771e566f99ba
01-05 14:08:45 com_github_MitjaNemec_ReplicateLayout.replicate_layout 986:Dst text UUid:8a809c2b-c34c-4437-9029-173c9072cfee
01-05 14:08:45 com_github_MitjaNemec_ReplicateLayout.replicate_layout 985:Src text UUid:0df8750e-34aa-4cf3-96e5-50bea942de17
01-05 14:08:45 com_github_MitjaNemec_ReplicateLayout.replicate_layout 986:Dst text UUid:85c2ebb0-18c2-4cd0-b8f5-18387a50005c
01-05 14:08:45 com_github_MitjaNemec_ReplicateLayout.replicate_layout 985:Src text UUid:8ec99012-dabe-4a6f-8bea-1c3167b2d79f
01-05 14:08:45 com_github_MitjaNemec_ReplicateLayout.replicate_layout 986:Dst text UUid:d9077620-dd50-4729-8175-dca6f380b532
01-05 14:08:45 com_github_MitjaNemec_ReplicateLayout.replicate_layout 985:Src text UUid:70372740-a0f1-4759-a7dc-973059971d00
01-05 14:08:45 com_github_MitjaNemec_ReplicateLayout.replicate_layout 986:Dst text UUid:4c11cecb-5107-43ac-9538-7616c60feee9
01-05 14:08:45 com_github_MitjaNemec_ReplicateLayout.replicate_layout 985:Src text UUid:0bbe2b47-904e-4221-8e3a-3da4722cb281
01-05 14:08:45 com_github_MitjaNemec_ReplicateLayout.replicate_layout 986:Dst text UUid:ee934c01-8727-4cd1-8725-18925a509f3f
01-05 14:08:45 com_github_MitjaNemec_ReplicateLayout.replicate_layout 985:Src text UUid:f4e84939-4df1-4e50-8b44-53a290a5c72e
01-05 14:08:45 com_github_MitjaNemec_ReplicateLayout.replicate_layout 986:Dst text UUid:8fae0056-6c38-4647-bd43-2de74029ddf4
01-05 14:08:45 com_github_MitjaNemec_ReplicateLayout.replicate_layout 985:Src text UUid:d8c1e731-e042-4afc-a795-60f3538fc3f2
01-05 14:08:45 com_github_MitjaNemec_ReplicateLayout.replicate_layout 986:Dst text UUid:8b0b1dd5-46da-425f-932d-633aef2c58e4
01-05 14:08:45 com_github_MitjaNemec_ReplicateLayout.replicate_layout 985:Src text UUid:547f4ea1-8c67-4767-973f-b10b6d86a4a3
01-05 14:08:45 com_github_MitjaNemec_ReplicateLayout.replicate_layout 986:Dst text UUid:46fb252c-96f3-4670-95aa-ed6daa03bc92
01-05 14:08:45 com_github_MitjaNemec_ReplicateLayout.replicate_layout 985:Src text UUid:101ed81a-6d42-4dd1-9e28-0147f11ec70f
01-05 14:08:45 com_github_MitjaNemec_ReplicateLayout.replicate_layout 986:Dst text UUid:6e38247d-7b83-4e0e-a034-e6478129ff5b
01-05 14:08:45 com_github_MitjaNemec_ReplicateLayout.replicate_layout 985:Src text UUid:44c2dd30-e9aa-41e3-95fe-f6073e90c5b7
01-05 14:08:45 com_github_MitjaNemec_ReplicateLayout.replicate_layout 986:Dst text UUid:01cdd090-a58d-41a1-a273-963a716ef0b8
01-05 14:08:45 com_github_MitjaNemec_ReplicateLayout.replicate_layout 985:Src text UUid:78b30a20-f22f-4c1d-992b-d7075d7d0fc2
01-05 14:08:45 com_github_MitjaNemec_ReplicateLayout.replicate_layout 986:Dst text UUid:4b515f41-4e13-4046-a71b-edbe36bc3bf6
01-05 14:08:45 com_github_MitjaNemec_ReplicateLayout.replicate_layout 985:Src text UUid:a579080a-95fc-4ad1-9b28-4283bed96eed
01-05 14:08:45 com_github_MitjaNemec_ReplicateLayout.replicate_layout 986:Dst text UUid:b3b290e1-dd5f-431b-9248-868bebeb847f
01-05 14:08:45 com_github_MitjaNemec_ReplicateLayout.replicate_layout 985:Src text UUid:2a042026-9c44-4308-8ef7-6231888ed527
01-05 14:08:45 com_github_MitjaNemec_ReplicateLayout.replicate_layout 986:Dst text UUid:20190638-9ccd-4bcb-84d8-a670251e1a50
01-05 14:08:45 com_github_MitjaNemec_ReplicateLayout.replicate_layout 985:Src text UUid:75b36757-34ea-4c09-85b0-72f3b2c0ef4e
01-05 14:08:45 com_github_MitjaNemec_ReplicateLayout.replicate_layout 986:Dst text UUid:1833bd3a-fb86-49a3-9559-8c4abe8ed7ef
01-05 14:08:45 com_github_MitjaNemec_ReplicateLayout.replicate_layout 985:Src text UUid:8b992e30-43fc-4c2b-a642-16b22d498087
01-05 14:08:45 com_github_MitjaNemec_ReplicateLayout.replicate_layout 986:Dst text UUid:87175d8e-dae3-42b8-9ead-cecef890abb3
01-05 14:08:45 com_github_MitjaNemec_ReplicateLayout.replicate_layout 985:Src text UUid:48847929-4927-4fc1-b6a0-61129f59e145
01-05 14:08:45 com_github_MitjaNemec_ReplicateLayout.replicate_layout 986:Dst text UUid:a9dd9347-0991-4cda-a384-12d3ce57aa83
01-05 14:08:45 com_github_MitjaNemec_ReplicateLayout.replicate_layout 985:Src text UUid:714f237c-e52d-4c22-aaf9-6c80592518fb
01-05 14:08:45 com_github_MitjaNemec_ReplicateLayout.replicate_layout 986:Dst text UUid:96df6e25-6530-40ab-9701-d7f808bbf144
01-05 14:08:45 com_github_MitjaNemec_ReplicateLayout.replicate_layout 985:Src text UUid:ad448b91-a315-4dfb-8f43-35732a3d6a8f
01-05 14:08:45 com_github_MitjaNemec_ReplicateLayout.replicate_layout 986:Dst text UUid:2ca0cf46-b278-45a5-ae55-be57a880ea70
01-05 14:08:45 com_github_MitjaNemec_ReplicateLayout.replicate_layout 985:Src text UUid:99fbde20-a5f3-4f88-b431-6ae19b1335bd
01-05 14:08:45 com_github_MitjaNemec_ReplicateLayout.replicate_layout 986:Dst text UUid:e6cd20d4-51d4-47ab-8703-095f86dfdb4d
01-05 14:08:45 com_github_MitjaNemec_ReplicateLayout.replicate_layout 985:Src text UUid:4ff12d52-7fc1-4027-8a3c-9222e9fcfd71
01-05 14:08:45 com_github_MitjaNemec_ReplicateLayout.replicate_layout 986:Dst text UUid:a8b07e43-8279-4ea5-9cd5-ec4b8feba02e
01-05 14:08:45 com_github_MitjaNemec_ReplicateLayout.replicate_layout 985:Src text UUid:f9664569-2e29-4b5e-a30a-bf13f7f72e41
01-05 14:08:45 com_github_MitjaNemec_ReplicateLayout.replicate_layout 986:Dst text UUid:b3183881-032e-4e04-abf7-a2f382fabab7
01-05 14:08:45 com_github_MitjaNemec_ReplicateLayout.replicate_layout 985:Src text UUid:cbdb4780-236d-46e4-b632-3bda5230f5ba
01-05 14:08:45 com_github_MitjaNemec_ReplicateLayout.replicate_layout 986:Dst text UUid:c116f509-6210-436f-bca2-92c73a5b2959
01-05 14:08:45 com_github_MitjaNemec_ReplicateLayout.replicate_layout 985:Src text UUid:39a00118-6f05-406f-af23-c54d81df567f
01-05 14:08:45 com_github_MitjaNemec_ReplicateLayout.replicate_layout 986:Dst text UUid:014c0bc2-a78e-4a1d-beb8-6b36bccac7cf
01-05 14:08:45 com_github_MitjaNemec_ReplicateLayout.replicate_layout 985:Src text UUid:64caee34-0fbb-4fba-8c21-bbaedbff60d3
01-05 14:08:45 com_github_MitjaNemec_ReplicateLayout.replicate_layout 986:Dst text UUid:2c14f22f-c852-4d98-97bf-673809fd013b
01-05 14:08:45 com_github_MitjaNemec_ReplicateLayout.replicate_layout 985:Src text UUid:17b0d5ff-d694-4236-a81c-fd59bac96682
01-05 14:08:45 com_github_MitjaNemec_ReplicateLayout.replicate_layout 986:Dst text UUid:f8c350ff-ea5d-43f7-9ddb-844d901cab2b
01-05 14:08:45 com_github_MitjaNemec_ReplicateLayout.replicate_layout 985:Src text UUid:911b0e0b-dee2-47a6-bef7-7fa420d79ad1
01-05 14:08:45 com_github_MitjaNemec_ReplicateLayout.replicate_layout 986:Dst text UUid:5da9fc19-73b7-47c6-8da6-91254a58785b
01-05 14:08:45 com_github_MitjaNemec_ReplicateLayout.replicate_layout 985:Src text UUid:562100e3-e4b3-4b56-89ce-f7ba24fe902a
01-05 14:08:45 com_github_MitjaNemec_ReplicateLayout.replicate_layout 986:Dst text UUid:2d7a6852-d3c6-48ce-a00a-85e04755a4b1
01-05 14:08:45 com_github_MitjaNemec_ReplicateLayout.replicate_layout 985:Src text UUid:5e84463c-fea2-4367-9897-b9ce1002027c
01-05 14:08:45 com_github_MitjaNemec_ReplicateLayout.replicate_layout 986:Dst text UUid:b3e3ae75-4dab-45fc-8e58-3549f3e66c00
01-05 14:08:45 com_github_MitjaNemec_ReplicateLayout.replicate_layout 985:Src text UUid:b80d45a3-38bd-4451-9695-6e825820df24
01-05 14:08:45 com_github_MitjaNemec_ReplicateLayout.replicate_layout 986:Dst text UUid:9803ed7b-bf03-42d8-b842-9430d3541bcb
01-05 14:08:45 com_github_MitjaNemec_ReplicateLayout.replicate_layout 985:Src text UUid:51a2c41a-1152-4cef-a8d2-bf1337fbd7be
01-05 14:08:45 com_github_MitjaNemec_ReplicateLayout.replicate_layout 986:Dst text UUid:7f35927d-4019-4838-acfd-7876691fc2c0
01-05 14:08:45 com_github_MitjaNemec_ReplicateLayout.replicate_layout 985:Src text UUid:e4f61c7d-d388-4d13-9b57-dd4793d55f5d
01-05 14:08:45 com_github_MitjaNemec_ReplicateLayout.replicate_layout 986:Dst text UUid:732ed73a-0f80-4799-bc79-586da8ebe5c3
01-05 14:08:45 com_github_MitjaNemec_ReplicateLayout.replicate_layout 985:Src text UUid:faa5eff6-2aa7-40b4-be5a-10eaa09f9bcc
01-05 14:08:45 com_github_MitjaNemec_ReplicateLayout.replicate_layout 986:Dst text UUid:e57df9ba-8c4e-47c6-8b9e-b109fd061169
01-05 14:08:45 com_github_MitjaNemec_ReplicateLayout.replicate_layout 985:Src text UUid:5be4a70a-fe6e-4716-b55d-47fa264995c4
01-05 14:08:45 com_github_MitjaNemec_ReplicateLayout.replicate_layout 986:Dst text UUid:f42abf9e-9f3f-4a74-b092-6e693e515377
01-05 14:08:45 com_github_MitjaNemec_ReplicateLayout.replicate_layout 985:Src text UUid:fd0d3f31-9925-4170-add5-ffc829605c90
01-05 14:08:45 com_github_MitjaNemec_ReplicateLayout.replicate_layout 986:Dst text UUid:a7e60dab-391c-41ec-b098-ce0a35f0040f
01-05 14:08:45 com_github_MitjaNemec_ReplicateLayout.replicate_layout 985:Src text UUid:8070fd97-fbe6-40d0-b180-043c3434279d
01-05 14:08:45 com_github_MitjaNemec_ReplicateLayout.replicate_layout 986:Dst text UUid:65b81a2b-29db-4347-80db-17a880a5c6b3
01-05 14:08:45 com_github_MitjaNemec_ReplicateLayout.replicate_layout 985:Src text UUid:df80f243-436e-4dd3-ba0a-55b1af6c4a70
01-05 14:08:45 com_github_MitjaNemec_ReplicateLayout.replicate_layout 986:Dst text UUid:d44882a2-c206-4d9f-ba51-cd219497b0a2
01-05 14:08:45 com_github_MitjaNemec_ReplicateLayout.replicate_layout 985:Src text UUid:a3ecf918-3891-4748-997a-9e6104933403
01-05 14:08:45 com_github_MitjaNemec_ReplicateLayout.replicate_layout 986:Dst text UUid:a3a799a5-bb5c-4516-ae44-177647f26087
01-05 14:08:45 com_github_MitjaNemec_ReplicateLayout.replicate_layout 985:Src text UUid:e2a914da-103f-4270-9e2f-2f1302896238
01-05 14:08:45 com_github_MitjaNemec_ReplicateLayout.replicate_layout 986:Dst text UUid:ad236be1-c94f-4639-a5cf-7b817c37c469
01-05 14:08:45 com_github_MitjaNemec_ReplicateLayout.replicate_layout 985:Src text UUid:d77a3c49-c5a0-4673-a0d3-e7787fcee14d
01-05 14:08:45 com_github_MitjaNemec_ReplicateLayout.replicate_layout 986:Dst text UUid:257a30ec-f76e-4181-ab6e-0b67ee941f1a
01-05 14:08:45 com_github_MitjaNemec_ReplicateLayout.replicate_layout 985:Src text UUid:309ebfb0-81cc-46ab-aac0-109ea57bf4b2
01-05 14:08:45 com_github_MitjaNemec_ReplicateLayout.replicate_layout 986:Dst text UUid:e95744c7-a132-4574-82c9-44085d3442db
01-05 14:08:45 com_github_MitjaNemec_ReplicateLayout.replicate_layout 985:Src text UUid:720ada74-ad46-4e36-8e6b-4e2226b527a0
01-05 14:08:45 com_github_MitjaNemec_ReplicateLayout.replicate_layout 986:Dst text UUid:40a5f6db-8502-4a75-a8e1-f31771667383
01-05 14:08:45 com_github_MitjaNemec_ReplicateLayout.replicate_layout 985:Src text UUid:e74088da-caec-417c-a06f-5693b6733884
01-05 14:08:45 com_github_MitjaNemec_ReplicateLayout.replicate_layout 986:Dst text UUid:db1c5438-e175-4406-9f57-b91fae742b78
01-05 14:08:45 com_github_MitjaNemec_ReplicateLayout.replicate_layout 985:Src text UUid:413a08b4-53af-4272-841f-d60f37f0b55c
01-05 14:08:45 com_github_MitjaNemec_ReplicateLayout.replicate_layout 986:Dst text UUid:59a137fb-c409-4a44-9cd1-d581012fd929
01-05 14:08:45 com_github_MitjaNemec_ReplicateLayout.replicate_layout 985:Src text UUid:eee1980f-95d1-4f30-8425-3a007e97ba59
01-05 14:08:45 com_github_MitjaNemec_ReplicateLayout.replicate_layout 986:Dst text UUid:5dabe321-1907-4e03-aee5-98cdd5d511e3
01-05 14:08:45 com_github_MitjaNemec_ReplicateLayout.replicate_layout 985:Src text UUid:c96897e7-880c-44bd-94a9-611940bf5f95
01-05 14:08:45 com_github_MitjaNemec_ReplicateLayout.replicate_layout 986:Dst text UUid:0604572c-3865-48b1-9fa5-579c29bc6c99
01-05 14:08:45 com_github_MitjaNemec_ReplicateLayout.replicate_layout 985:Src text UUid:7bdcb60f-e082-412f-baa6-3c09af5f82d9
01-05 14:08:45 com_github_MitjaNemec_ReplicateLayout.replicate_layout 986:Dst text UUid:0e70de47-c88c-42d8-be73-1694cf5ea883
01-05 14:08:45 com_github_MitjaNemec_ReplicateLayout.replicate_layout 985:Src text UUid:97e3d5b8-9558-490c-b6cf-93eb16f34a2b
01-05 14:08:45 com_github_MitjaNemec_ReplicateLayout.replicate_layout 986:Dst text UUid:bafdb527-c329-4934-8dc7-062356c5dfc9
01-05 14:08:45 com_github_MitjaNemec_ReplicateLayout.replicate_layout 985:Src text UUid:873e31aa-ff27-4388-a0dd-d61681939842
01-05 14:08:45 com_github_MitjaNemec_ReplicateLayout.replicate_layout 986:Dst text UUid:86ec1499-f620-47da-8f55-0fabead49fa6
01-05 14:08:45 com_github_MitjaNemec_ReplicateLayout.replicate_layout 985:Src text UUid:f374e2cf-9ff2-4a69-b442-503babcfe429
01-05 14:08:45 com_github_MitjaNemec_ReplicateLayout.replicate_layout 986:Dst text UUid:51d0e4dc-ed94-4fb6-a850-298ce209ba2e
01-05 14:08:45 com_github_MitjaNemec_ReplicateLayout.replicate_layout 985:Src text UUid:6e9397f2-b4c3-4efe-94e5-2ed0ef45520a
01-05 14:08:45 com_github_MitjaNemec_ReplicateLayout.replicate_layout 986:Dst text UUid:721bb7ab-f315-4ef2-b395-8d092edad9b1
01-05 14:08:45 com_github_MitjaNemec_ReplicateLayout.replicate_layout 985:Src text UUid:742dd531-0f67-491c-9cd6-dec7dd0361e3
01-05 14:08:45 com_github_MitjaNemec_ReplicateLayout.replicate_layout 986:Dst text UUid:85dea4eb-bc4d-4412-84d5-9ac3ffc6f878
01-05 14:08:45 com_github_MitjaNemec_ReplicateLayout.replicate_layout 985:Src text UUid:160bde27-3aec-4bbb-b666-a5f08fd0c623
01-05 14:08:45 com_github_MitjaNemec_ReplicateLayout.replicate_layout 986:Dst text UUid:bec62fae-ccef-4152-b6c8-c369c3182baf
01-05 14:08:45 com_github_MitjaNemec_ReplicateLayout.replicate_layout 985:Src text UUid:701af9bb-0202-4077-93c1-ee2cc139de12
01-05 14:08:45 com_github_MitjaNemec_ReplicateLayout.replicate_layout 986:Dst text UUid:3525d16c-2ab8-40c6-a819-3b975e1a50e7
01-05 14:08:45 com_github_MitjaNemec_ReplicateLayout.replicate_layout 985:Src text UUid:37bd1ae6-67c0-4c49-b13f-cb770390144a
01-05 14:08:45 com_github_MitjaNemec_ReplicateLayout.replicate_layout 986:Dst text UUid:7f96fd83-f37c-4773-87af-d8789de728d1
01-05 14:08:45 com_github_MitjaNemec_ReplicateLayout.replicate_layout 985:Src text UUid:7494a9d0-13e9-43fc-a6c8-2e73d163bff8
01-05 14:08:45 com_github_MitjaNemec_ReplicateLayout.replicate_layout 986:Dst text UUid:caf5a4fa-4770-4e90-9b45-279d2af06e68
01-05 14:08:45 com_github_MitjaNemec_ReplicateLayout.replicate_layout 985:Src text UUid:2875dd82-7767-437c-ba3f-16fd26aedb20
01-05 14:08:45 com_github_MitjaNemec_ReplicateLayout.replicate_layout 986:Dst text UUid:0e43c670-cd55-45ce-8240-9c1325af02fc
01-05 14:08:45 com_github_MitjaNemec_ReplicateLayout.replicate_layout 985:Src text UUid:f1c588d0-4282-4dac-bb0c-6a4a7793c3dd
01-05 14:08:45 com_github_MitjaNemec_ReplicateLayout.replicate_layout 986:Dst text UUid:a81506d0-2f69-4c33-8780-bfa8cce17082
01-05 14:08:45 com_github_MitjaNemec_ReplicateLayout.replicate_layout 985:Src text UUid:7bd25ea0-3787-4495-8e87-fd2311c97a4d
01-05 14:08:45 com_github_MitjaNemec_ReplicateLayout.replicate_layout 986:Dst text UUid:f8c43cb7-d52f-4983-8d5f-724f03640e5d
01-05 14:08:45 com_github_MitjaNemec_ReplicateLayout.replicate_layout 985:Src text UUid:b27f35a2-af62-4950-91b6-28a121afc1e7
01-05 14:08:45 com_github_MitjaNemec_ReplicateLayout.replicate_layout 986:Dst text UUid:20deb80b-7d21-4609-aa9a-692577a6d17f
01-05 14:08:45 com_github_MitjaNemec_ReplicateLayout.replicate_layout 985:Src text UUid:cd2db407-eb28-4843-b464-c52dbc2c1c9a
01-05 14:08:45 com_github_MitjaNemec_ReplicateLayout.replicate_layout 986:Dst text UUid:1f512906-7bbf-4478-b3ab-dc8d9dbd196d
01-05 14:08:45 com_github_MitjaNemec_ReplicateLayout.replicate_layout 985:Src text UUid:7813625d-f19c-4b65-8673-731798a298fd
01-05 14:08:45 com_github_MitjaNemec_ReplicateLayout.replicate_layout 986:Dst text UUid:dd4e0cfe-a0f9-441b-a14d-2983acee70c7
01-05 14:08:45 com_github_MitjaNemec_ReplicateLayout.replicate_layout 985:Src text UUid:62b0a65f-acca-4686-b480-8a769d44777c
01-05 14:08:45 com_github_MitjaNemec_ReplicateLayout.replicate_layout 986:Dst text UUid:4a5d38f0-cb91-4625-a03c-d1115f4c8ee5
01-05 14:08:45 com_github_MitjaNemec_ReplicateLayout.replicate_layout 985:Src text UUid:c642f188-92e1-46aa-b67c-e987ebdd409b
01-05 14:08:45 com_github_MitjaNemec_ReplicateLayout.replicate_layout 986:Dst text UUid:7b03fb43-2a4e-4adf-8d51-9722c781a283
01-05 14:08:45 com_github_MitjaNemec_ReplicateLayout.replicate_layout 985:Src text UUid:21dcbc11-4118-450e-866f-4b82dfb0a817
01-05 14:08:45 com_github_MitjaNemec_ReplicateLayout.replicate_layout 986:Dst text UUid:c53e56b3-90bd-4910-94c2-6ed97533e546
01-05 14:08:45 com_github_MitjaNemec_ReplicateLayout.replicate_layout 985:Src text UUid:db0c9222-38a9-41f5-b57b-db84cfd6dc25
01-05 14:08:45 com_github_MitjaNemec_ReplicateLayout.replicate_layout 986:Dst text UUid:87b2e3ca-ba9f-4cfa-beeb-5e3ec21194e5
01-05 14:08:45 com_github_MitjaNemec_ReplicateLayout.replicate_layout 985:Src text UUid:dae4c4ef-64a6-467e-8ca4-d840795910b6
01-05 14:08:45 com_github_MitjaNemec_ReplicateLayout.replicate_layout 986:Dst text UUid:394903af-40a5-461e-87e7-4a53c87e17b0
01-05 14:08:45 com_github_MitjaNemec_ReplicateLayout.replicate_layout 985:Src text UUid:71f7033a-a1b7-4173-875d-b2994f356596
01-05 14:08:45 com_github_MitjaNemec_ReplicateLayout.replicate_layout 986:Dst text UUid:b09a8f53-79a2-4b44-ba74-15e321acd832
01-05 14:08:45 com_github_MitjaNemec_ReplicateLayout.replicate_layout 985:Src text UUid:8826b50a-86ce-4243-b5f5-a82974d96702
01-05 14:08:45 com_github_MitjaNemec_ReplicateLayout.replicate_layout 986:Dst text UUid:08b5047e-6245-4ef0-9e90-06f875384ce9
01-05 14:08:45 com_github_MitjaNemec_ReplicateLayout.replicate_layout 985:Src text UUid:04bd329b-c1b7-4fd1-9128-94123b1b9b81
01-05 14:08:45 com_github_MitjaNemec_ReplicateLayout.replicate_layout 986:Dst text UUid:e5588b07-88d5-43c5-8839-ad312a66bc73
01-05 14:08:45 com_github_MitjaNemec_ReplicateLayout.replicate_layout 985:Src text UUid:d7075bed-2aec-4b22-907d-3cf26640562e
01-05 14:08:45 com_github_MitjaNemec_ReplicateLayout.replicate_layout 986:Dst text UUid:991d758c-ca76-41a6-bee0-edb66840ced9
01-05 14:08:45 com_github_MitjaNemec_ReplicateLayout.replicate_layout 985:Src text UUid:b4f14db9-cad7-4d80-9c46-1b086640b0a3
01-05 14:08:45 com_github_MitjaNemec_ReplicateLayout.replicate_layout 986:Dst text UUid:b2253908-c233-40a2-aa20-c4d24d9b84e5
01-05 14:08:45 com_github_MitjaNemec_ReplicateLayout.replicate_layout 985:Src text UUid:7f33f0a8-6270-4a59-99fe-b84f21f9a28e
01-05 14:08:45 com_github_MitjaNemec_ReplicateLayout.replicate_layout 986:Dst text UUid:f775bdb4-0fbc-4f0c-bc03-1c42f72794a3
01-05 14:08:45 com_github_MitjaNemec_ReplicateLayout.replicate_layout 985:Src text UUid:342e2b1f-8a07-41ed-9899-d5ef7cad1716
01-05 14:08:45 com_github_MitjaNemec_ReplicateLayout.replicate_layout 986:Dst text UUid:1f4b8dbb-85dc-4579-8f3f-05009e517161
01-05 14:08:45 com_github_MitjaNemec_ReplicateLayout.replicate_layout 985:Src text UUid:d84ea3cd-c383-4bbe-b632-adcd8f6906ad
01-05 14:08:45 com_github_MitjaNemec_ReplicateLayout.replicate_layout 986:Dst text UUid:bbeb6189-6100-436f-9d43-cf4b3efcf7ed
01-05 14:08:45 com_github_MitjaNemec_ReplicateLayout.replicate_layout 985:Src text UUid:f1d21ffe-1bd0-48bb-b898-adbe0d28a200
01-05 14:08:45 com_github_MitjaNemec_ReplicateLayout.replicate_layout 986:Dst text UUid:393e06d6-8716-4dc8-8c9b-ce76a28b27f5
01-05 14:08:45 com_github_MitjaNemec_ReplicateLayout.replicate_layout 985:Src text UUid:9322cc58-10e8-4f9a-a362-3672fc517bd1
01-05 14:08:45 com_github_MitjaNemec_ReplicateLayout.replicate_layout 986:Dst text UUid:ff01dac2-eda6-4352-af73-fe20fe078d4d
01-05 14:08:45 com_github_MitjaNemec_ReplicateLayout.replicate_layout 985:Src text UUid:22ee18cd-0220-4004-b73e-83eeda070da9
01-05 14:08:45 com_github_MitjaNemec_ReplicateLayout.replicate_layout 986:Dst text UUid:7c68ecc5-ecc8-4a85-afb9-8dd674ea29a6
01-05 14:08:45 com_github_MitjaNemec_ReplicateLayout.replicate_layout 985:Src text UUid:51fe0a1e-c604-408b-a27d-6393dfa06920
01-05 14:08:45 com_github_MitjaNemec_ReplicateLayout.replicate_layout 986:Dst text UUid:9e3e4b79-f485-4bf4-974d-e2205f1d686a
01-05 14:08:45 com_github_MitjaNemec_ReplicateLayout.replicate_layout 985:Src text UUid:4784fb12-a75d-4146-8816-346da69e6383
01-05 14:08:45 com_github_MitjaNemec_ReplicateLayout.replicate_layout 986:Dst text UUid:5c684e31-a265-49cb-8770-0e0553027301
01-05 14:08:45 com_github_MitjaNemec_ReplicateLayout.replicate_layout 985:Src text UUid:e80e27e7-99e6-462a-ba35-90f62be55646
01-05 14:08:45 com_github_MitjaNemec_ReplicateLayout.replicate_layout 986:Dst text UUid:e30a148d-d3c6-4b28-ae0d-f5bd6e67c210
01-05 14:08:45 com_github_MitjaNemec_ReplicateLayout.replicate_layout 985:Src text UUid:8d416614-492a-44ad-8f09-fd612cced059
01-05 14:08:45 com_github_MitjaNemec_ReplicateLayout.replicate_layout 986:Dst text UUid:b72d8553-1b47-4279-aa9b-e096268fa898
01-05 14:08:45 com_github_MitjaNemec_ReplicateLayout.replicate_layout 985:Src text UUid:273db611-a1ec-442f-beee-407960450c19
01-05 14:08:45 com_github_MitjaNemec_ReplicateLayout.replicate_layout 986:Dst text UUid:7aeae83e-4466-40da-96db-31c5fcb6d576
01-05 14:08:45 com_github_MitjaNemec_ReplicateLayout.replicate_layout 985:Src text UUid:a89c40ec-2f2b-4f95-8ec5-3f108dd6df48
01-05 14:08:45 com_github_MitjaNemec_ReplicateLayout.replicate_layout 986:Dst text UUid:d8e791b6-285d-4b42-a68d-5df0dd73e220
01-05 14:08:45 com_github_MitjaNemec_ReplicateLayout.replicate_layout 985:Src text UUid:471176c3-039e-4215-8ae4-8bb32fa87f73
01-05 14:08:45 com_github_MitjaNemec_ReplicateLayout.replicate_layout 986:Dst text UUid:07cf5186-bd2f-41a7-9986-4a2e535d8360
01-05 14:08:45 com_github_MitjaNemec_ReplicateLayout.replicate_layout 985:Src text UUid:4eeda419-4c9b-4293-b0aa-78e10fc5b2b5
01-05 14:08:45 com_github_MitjaNemec_ReplicateLayout.replicate_layout 986:Dst text UUid:0aaa8d29-8781-4059-91e6-c17d75f45660
01-05 14:08:45 com_github_MitjaNemec_ReplicateLayout.replicate_layout 985:Src text UUid:f8c54512-1eba-443d-a59f-fafb74301f4f
01-05 14:08:45 com_github_MitjaNemec_ReplicateLayout.replicate_layout 986:Dst text UUid:cd50ad4a-5c6f-456e-888f-d117040a4a84
01-05 14:08:45 com_github_MitjaNemec_ReplicateLayout.replicate_layout 985:Src text UUid:b83ca023-de73-4147-8188-4a9332e30fb3
01-05 14:08:45 com_github_MitjaNemec_ReplicateLayout.replicate_layout 986:Dst text UUid:bf218680-1917-46b8-83cd-a3c31ebe0a79
01-05 14:08:45 com_github_MitjaNemec_ReplicateLayout.replicate_layout 868:Replicating footprints on sheet ['drivergates3']
01-05 14:08:45 com_github_MitjaNemec_ReplicateLayout.replicate_layout 985:Src text UUid:762efd5b-34a4-461f-947a-c099d3ab06ef
01-05 14:08:45 com_github_MitjaNemec_ReplicateLayout.replicate_layout 986:Dst text UUid:a6dfb263-e50b-4621-91f5-370ba87bdf48
01-05 14:08:45 com_github_MitjaNemec_ReplicateLayout.replicate_layout 985:Src text UUid:e8c07e8d-ee61-4845-9401-08af0d8c67b4
01-05 14:08:45 com_github_MitjaNemec_ReplicateLayout.replicate_layout 986:Dst text UUid:6f617895-145e-42c0-88ba-46867c5fa5fb
01-05 14:08:45 com_github_MitjaNemec_ReplicateLayout.replicate_layout 985:Src text UUid:3f16f761-d97a-4a37-884f-91df8aff6b61
01-05 14:08:45 com_github_MitjaNemec_ReplicateLayout.replicate_layout 986:Dst text UUid:207b1769-1d45-439b-8bd9-f596b02cca77
01-05 14:08:45 com_github_MitjaNemec_ReplicateLayout.replicate_layout 985:Src text UUid:83fda8d8-7b13-483e-b7ec-1fa650a0d0cf
01-05 14:08:45 com_github_MitjaNemec_ReplicateLayout.replicate_layout 986:Dst text UUid:d5771383-956e-4b98-8fb8-9e1934938630
01-05 14:08:45 com_github_MitjaNemec_ReplicateLayout.replicate_layout 985:Src text UUid:74eb99f8-ebb8-4ea1-8d33-cd3020d62405
01-05 14:08:45 com_github_MitjaNemec_ReplicateLayout.replicate_layout 986:Dst text UUid:495b3c1f-0851-41fb-b740-b99aa6064b7e
01-05 14:08:45 com_github_MitjaNemec_ReplicateLayout.replicate_layout 985:Src text UUid:393ff419-0f8a-4b64-95c1-50ca27f15439
01-05 14:08:45 com_github_MitjaNemec_ReplicateLayout.replicate_layout 986:Dst text UUid:ed095d09-1f19-4545-9ffb-2a2da698dbf4
01-05 14:08:45 com_github_MitjaNemec_ReplicateLayout.replicate_layout 985:Src text UUid:239d0eba-271a-47f9-8942-45bb6c29f12f
01-05 14:08:45 com_github_MitjaNemec_ReplicateLayout.replicate_layout 986:Dst text UUid:be55488c-c30d-4d86-b084-2a69342a2560
01-05 14:08:45 com_github_MitjaNemec_ReplicateLayout.replicate_layout 985:Src text UUid:6df69d2d-25f9-459d-aba1-6066b5907bf0
01-05 14:08:45 com_github_MitjaNemec_ReplicateLayout.replicate_layout 986:Dst text UUid:82254e47-35ad-44c4-ba7c-d383c7b4b408
01-05 14:08:45 com_github_MitjaNemec_ReplicateLayout.replicate_layout 985:Src text UUid:bcdcd76f-1f56-41cb-9b95-176ba9b7edb7
01-05 14:08:45 com_github_MitjaNemec_ReplicateLayout.replicate_layout 986:Dst text UUid:37a2c6ad-9bff-4dbe-b7b1-ef6c74a5735e
01-05 14:08:45 com_github_MitjaNemec_ReplicateLayout.replicate_layout 985:Src text UUid:d26a376c-f24c-4206-9d14-29a7f76c4488
01-05 14:08:45 com_github_MitjaNemec_ReplicateLayout.replicate_layout 986:Dst text UUid:ac875372-54fa-4fd8-b2f6-25f6be042a2b
01-05 14:08:45 com_github_MitjaNemec_ReplicateLayout.replicate_layout 985:Src text UUid:37e9071a-fea8-407e-9560-31eb8930095f
01-05 14:08:45 com_github_MitjaNemec_ReplicateLayout.replicate_layout 986:Dst text UUid:628c0103-949f-4609-85bd-5c5f361f9743
01-05 14:08:45 com_github_MitjaNemec_ReplicateLayout.replicate_layout 985:Src text UUid:68612cb9-7445-4874-a5ed-91ad33f5ae67
01-05 14:08:45 com_github_MitjaNemec_ReplicateLayout.replicate_layout 986:Dst text UUid:ccdda418-246b-43ef-989a-cf0531fe0843
01-05 14:08:45 root 337:updating GUI with: 56
01-05 14:08:45 com_github_MitjaNemec_ReplicateLayout.replicate_layout 985:Src text UUid:b5355d16-a355-4b98-8eab-ae358b7ec862
01-05 14:08:45 com_github_MitjaNemec_ReplicateLayout.replicate_layout 986:Dst text UUid:37b51dab-33e2-4f30-8ae4-d0d03eb5bcbe
01-05 14:08:45 com_github_MitjaNemec_ReplicateLayout.replicate_layout 985:Src text UUid:576268a7-9e81-4da5-b6fa-9c7a5cba3910
01-05 14:08:45 com_github_MitjaNemec_ReplicateLayout.replicate_layout 986:Dst text UUid:2ea5e3cf-a477-422f-8956-054017c5e62c
01-05 14:08:45 com_github_MitjaNemec_ReplicateLayout.replicate_layout 985:Src text UUid:76fea651-a6b1-43f6-ad64-bdda28a04ab1
01-05 14:08:45 com_github_MitjaNemec_ReplicateLayout.replicate_layout 986:Dst text UUid:f8551526-af80-48ce-b2e1-deeaecb6bb56
01-05 14:08:45 com_github_MitjaNemec_ReplicateLayout.replicate_layout 985:Src text UUid:90e7e8da-c77b-4d66-a277-8210867d6906
01-05 14:08:45 com_github_MitjaNemec_ReplicateLayout.replicate_layout 986:Dst text UUid:77a20019-9fc1-4422-9b40-c7ed656e71bb
01-05 14:08:45 com_github_MitjaNemec_ReplicateLayout.replicate_layout 985:Src text UUid:7e75a84b-1f79-4df3-b30a-753f82e19aee
01-05 14:08:45 com_github_MitjaNemec_ReplicateLayout.replicate_layout 986:Dst text UUid:4a9013f4-cda9-44a2-8db1-8eda3cfd1314
01-05 14:08:45 com_github_MitjaNemec_ReplicateLayout.replicate_layout 985:Src text UUid:ca43283a-774a-4689-81a7-81442e47e50a
01-05 14:08:45 com_github_MitjaNemec_ReplicateLayout.replicate_layout 986:Dst text UUid:dfe62240-bbd4-43b2-abde-36a71b1527d8
01-05 14:08:45 com_github_MitjaNemec_ReplicateLayout.replicate_layout 985:Src text UUid:abb17307-183e-4757-b86f-941b8fb06474
01-05 14:08:45 com_github_MitjaNemec_ReplicateLayout.replicate_layout 986:Dst text UUid:a92f2ec3-81d7-4dae-a32c-af3ab74d858e
01-05 14:08:45 com_github_MitjaNemec_ReplicateLayout.replicate_layout 985:Src text UUid:41f36707-99fe-4fb1-9a85-330929184b83
01-05 14:08:45 com_github_MitjaNemec_ReplicateLayout.replicate_layout 986:Dst text UUid:be59cb61-4b0f-4ddc-b529-a3d7455596fd
01-05 14:08:45 com_github_MitjaNemec_ReplicateLayout.replicate_layout 985:Src text UUid:7053268a-7348-4384-a0cb-82a59263a48e
01-05 14:08:45 com_github_MitjaNemec_ReplicateLayout.replicate_layout 986:Dst text UUid:cad4bccf-9105-4b91-b090-5fcc10129846
01-05 14:08:45 com_github_MitjaNemec_ReplicateLayout.replicate_layout 985:Src text UUid:27b1503d-5e56-4389-aa50-d97b412c00b6
01-05 14:08:45 com_github_MitjaNemec_ReplicateLayout.replicate_layout 986:Dst text UUid:a1c28f05-5e04-40cf-b13c-4be1003e4242
01-05 14:08:45 com_github_MitjaNemec_ReplicateLayout.replicate_layout 985:Src text UUid:a1916041-04e2-4ce0-b80a-1d09bfa6967e
01-05 14:08:45 com_github_MitjaNemec_ReplicateLayout.replicate_layout 986:Dst text UUid:5e519cf1-8d2e-44ec-bcfe-dc145e1e5e5e
01-05 14:08:45 com_github_MitjaNemec_ReplicateLayout.replicate_layout 985:Src text UUid:2605c440-42c3-4ef5-bc8d-84589172dda3
01-05 14:08:45 com_github_MitjaNemec_ReplicateLayout.replicate_layout 986:Dst text UUid:1a960a85-6eef-4fdf-9d55-74b5401180c8
01-05 14:08:45 com_github_MitjaNemec_ReplicateLayout.replicate_layout 985:Src text UUid:23bd4c31-e0b9-4c1e-9249-77ce7a8b860b
01-05 14:08:45 com_github_MitjaNemec_ReplicateLayout.replicate_layout 986:Dst text UUid:cfcdbd94-b6d1-4867-a0f3-9a587613e33d
01-05 14:08:45 com_github_MitjaNemec_ReplicateLayout.replicate_layout 985:Src text UUid:3b06faa5-b07d-4c3e-88d8-6ada73883f82
01-05 14:08:45 com_github_MitjaNemec_ReplicateLayout.replicate_layout 986:Dst text UUid:c5644986-bdf8-4da1-aba3-38a2659ac316
01-05 14:08:45 com_github_MitjaNemec_ReplicateLayout.replicate_layout 985:Src text UUid:f6bd9737-0e73-4570-b137-256c9a4fba35
01-05 14:08:45 com_github_MitjaNemec_ReplicateLayout.replicate_layout 986:Dst text UUid:77b984d6-661e-408e-80ff-a5a47b931a4b
01-05 14:08:45 com_github_MitjaNemec_ReplicateLayout.replicate_layout 985:Src text UUid:b23567a0-ec57-46ee-9c3d-6dc4bf6b1be3
01-05 14:08:45 com_github_MitjaNemec_ReplicateLayout.replicate_layout 986:Dst text UUid:316e8a0f-6e01-4ce1-841c-6bcced90b902
01-05 14:08:45 com_github_MitjaNemec_ReplicateLayout.replicate_layout 985:Src text UUid:b86a619c-c137-46fe-acec-0713d5682648
01-05 14:08:45 com_github_MitjaNemec_ReplicateLayout.replicate_layout 986:Dst text UUid:69590f54-56fe-421e-a648-6e2577021d75
01-05 14:08:45 com_github_MitjaNemec_ReplicateLayout.replicate_layout 985:Src text UUid:24b53649-2163-4049-a108-83dab5ba67dc
01-05 14:08:45 com_github_MitjaNemec_ReplicateLayout.replicate_layout 986:Dst text UUid:7b88fb49-771f-4671-9a11-562accca8c92
01-05 14:08:45 com_github_MitjaNemec_ReplicateLayout.replicate_layout 985:Src text UUid:589eb952-eb54-4aaa-8351-771e566f99ba
01-05 14:08:45 com_github_MitjaNemec_ReplicateLayout.replicate_layout 986:Dst text UUid:f3abde3f-e4a0-437b-b1f6-bd8acbf2c172
01-05 14:08:45 com_github_MitjaNemec_ReplicateLayout.replicate_layout 985:Src text UUid:0df8750e-34aa-4cf3-96e5-50bea942de17
01-05 14:08:45 com_github_MitjaNemec_ReplicateLayout.replicate_layout 986:Dst text UUid:323284bd-b10f-4085-94f3-468172b1b95d
01-05 14:08:45 com_github_MitjaNemec_ReplicateLayout.replicate_layout 985:Src text UUid:8ec99012-dabe-4a6f-8bea-1c3167b2d79f
01-05 14:08:45 com_github_MitjaNemec_ReplicateLayout.replicate_layout 986:Dst text UUid:fe2e83ce-3f41-4c14-9e33-12fdbe096521
01-05 14:08:45 com_github_MitjaNemec_ReplicateLayout.replicate_layout 985:Src text UUid:70372740-a0f1-4759-a7dc-973059971d00
01-05 14:08:45 com_github_MitjaNemec_ReplicateLayout.replicate_layout 986:Dst text UUid:2079a148-de50-4602-89da-2bf438c13917
01-05 14:08:45 com_github_MitjaNemec_ReplicateLayout.replicate_layout 985:Src text UUid:0bbe2b47-904e-4221-8e3a-3da4722cb281
01-05 14:08:45 com_github_MitjaNemec_ReplicateLayout.replicate_layout 986:Dst text UUid:ab357847-1e01-4b82-b5c8-ee892b8e49a7
01-05 14:08:45 com_github_MitjaNemec_ReplicateLayout.replicate_layout 985:Src text UUid:f4e84939-4df1-4e50-8b44-53a290a5c72e
01-05 14:08:45 com_github_MitjaNemec_ReplicateLayout.replicate_layout 986:Dst text UUid:8cc893dd-269b-4379-ac00-0df11f10bc16
01-05 14:08:45 com_github_MitjaNemec_ReplicateLayout.replicate_layout 985:Src text UUid:d8c1e731-e042-4afc-a795-60f3538fc3f2
01-05 14:08:45 com_github_MitjaNemec_ReplicateLayout.replicate_layout 986:Dst text UUid:30edd23d-a77e-4794-adaf-ba4b2fd866d8
01-05 14:08:45 com_github_MitjaNemec_ReplicateLayout.replicate_layout 985:Src text UUid:547f4ea1-8c67-4767-973f-b10b6d86a4a3
01-05 14:08:45 com_github_MitjaNemec_ReplicateLayout.replicate_layout 986:Dst text UUid:c1385415-2991-4caf-90d1-fe5d1fbb6d01
01-05 14:08:45 com_github_MitjaNemec_ReplicateLayout.replicate_layout 985:Src text UUid:101ed81a-6d42-4dd1-9e28-0147f11ec70f
01-05 14:08:45 com_github_MitjaNemec_ReplicateLayout.replicate_layout 986:Dst text UUid:c5d927b3-67ed-401f-a5dd-c35b8a7d2f5a
01-05 14:08:45 com_github_MitjaNemec_ReplicateLayout.replicate_layout 985:Src text UUid:44c2dd30-e9aa-41e3-95fe-f6073e90c5b7
01-05 14:08:45 com_github_MitjaNemec_ReplicateLayout.replicate_layout 986:Dst text UUid:4cd37051-e4bf-49a6-8532-7f256bbf93e9
01-05 14:08:45 com_github_MitjaNemec_ReplicateLayout.replicate_layout 985:Src text UUid:78b30a20-f22f-4c1d-992b-d7075d7d0fc2
01-05 14:08:45 com_github_MitjaNemec_ReplicateLayout.replicate_layout 986:Dst text UUid:6522ceaa-1ab2-4f30-9b27-2db4e0079146
01-05 14:08:45 com_github_MitjaNemec_ReplicateLayout.replicate_layout 985:Src text UUid:a579080a-95fc-4ad1-9b28-4283bed96eed
01-05 14:08:45 com_github_MitjaNemec_ReplicateLayout.replicate_layout 986:Dst text UUid:9507ee99-cc04-4075-90b0-36d077e43ee5
01-05 14:08:45 com_github_MitjaNemec_ReplicateLayout.replicate_layout 985:Src text UUid:2a042026-9c44-4308-8ef7-6231888ed527
01-05 14:08:45 com_github_MitjaNemec_ReplicateLayout.replicate_layout 986:Dst text UUid:4aa3173d-1847-47e5-9d26-a7e31cc56241
01-05 14:08:45 com_github_MitjaNemec_ReplicateLayout.replicate_layout 985:Src text UUid:75b36757-34ea-4c09-85b0-72f3b2c0ef4e
01-05 14:08:45 com_github_MitjaNemec_ReplicateLayout.replicate_layout 986:Dst text UUid:ee4ca7d4-ad76-40d1-ae0d-14bf087aa3fa
01-05 14:08:45 com_github_MitjaNemec_ReplicateLayout.replicate_layout 985:Src text UUid:8b992e30-43fc-4c2b-a642-16b22d498087
01-05 14:08:45 com_github_MitjaNemec_ReplicateLayout.replicate_layout 986:Dst text UUid:8c488f10-136e-40bb-91fa-d324135f9585
01-05 14:08:45 com_github_MitjaNemec_ReplicateLayout.replicate_layout 985:Src text UUid:48847929-4927-4fc1-b6a0-61129f59e145
01-05 14:08:45 com_github_MitjaNemec_ReplicateLayout.replicate_layout 986:Dst text UUid:9e6acd64-7222-49dc-8c91-edcdf7ac4ec5
01-05 14:08:45 com_github_MitjaNemec_ReplicateLayout.replicate_layout 985:Src text UUid:714f237c-e52d-4c22-aaf9-6c80592518fb
01-05 14:08:45 com_github_MitjaNemec_ReplicateLayout.replicate_layout 986:Dst text UUid:5ab899c1-a2b3-4a6d-a8ab-a51ada529526
01-05 14:08:45 com_github_MitjaNemec_ReplicateLayout.replicate_layout 985:Src text UUid:ad448b91-a315-4dfb-8f43-35732a3d6a8f
01-05 14:08:45 com_github_MitjaNemec_ReplicateLayout.replicate_layout 986:Dst text UUid:c4866d08-357b-447e-86b0-672af5b91d3b
01-05 14:08:45 com_github_MitjaNemec_ReplicateLayout.replicate_layout 985:Src text UUid:99fbde20-a5f3-4f88-b431-6ae19b1335bd
01-05 14:08:45 com_github_MitjaNemec_ReplicateLayout.replicate_layout 986:Dst text UUid:2f7aab72-cbce-4230-b705-8627244a7676
01-05 14:08:45 com_github_MitjaNemec_ReplicateLayout.replicate_layout 985:Src text UUid:4ff12d52-7fc1-4027-8a3c-9222e9fcfd71
01-05 14:08:45 com_github_MitjaNemec_ReplicateLayout.replicate_layout 986:Dst text UUid:5be63f9e-e955-4780-865a-cb282caa33d6
01-05 14:08:45 com_github_MitjaNemec_ReplicateLayout.replicate_layout 985:Src text UUid:f9664569-2e29-4b5e-a30a-bf13f7f72e41
01-05 14:08:45 com_github_MitjaNemec_ReplicateLayout.replicate_layout 986:Dst text UUid:650226cd-0342-4878-8617-1b684719b327
01-05 14:08:45 com_github_MitjaNemec_ReplicateLayout.replicate_layout 985:Src text UUid:cbdb4780-236d-46e4-b632-3bda5230f5ba
01-05 14:08:45 com_github_MitjaNemec_ReplicateLayout.replicate_layout 986:Dst text UUid:5cfe3eda-bdcd-48b3-90e0-707c58cfd75e
01-05 14:08:45 com_github_MitjaNemec_ReplicateLayout.replicate_layout 985:Src text UUid:39a00118-6f05-406f-af23-c54d81df567f
01-05 14:08:45 com_github_MitjaNemec_ReplicateLayout.replicate_layout 986:Dst text UUid:587a33e7-d7d6-40f4-9d86-a2e2cd951994
01-05 14:08:45 com_github_MitjaNemec_ReplicateLayout.replicate_layout 985:Src text UUid:64caee34-0fbb-4fba-8c21-bbaedbff60d3
01-05 14:08:45 com_github_MitjaNemec_ReplicateLayout.replicate_layout 986:Dst text UUid:0b91ad63-3d63-4c94-b856-d473480d4651
01-05 14:08:45 com_github_MitjaNemec_ReplicateLayout.replicate_layout 985:Src text UUid:17b0d5ff-d694-4236-a81c-fd59bac96682
01-05 14:08:45 com_github_MitjaNemec_ReplicateLayout.replicate_layout 986:Dst text UUid:0122c222-0a64-464d-98a7-d603be2333a9
01-05 14:08:45 com_github_MitjaNemec_ReplicateLayout.replicate_layout 985:Src text UUid:911b0e0b-dee2-47a6-bef7-7fa420d79ad1
01-05 14:08:45 com_github_MitjaNemec_ReplicateLayout.replicate_layout 986:Dst text UUid:7d5f87be-db2a-4ea5-b4e9-06fe7a451e28
01-05 14:08:45 com_github_MitjaNemec_ReplicateLayout.replicate_layout 985:Src text UUid:562100e3-e4b3-4b56-89ce-f7ba24fe902a
01-05 14:08:45 com_github_MitjaNemec_ReplicateLayout.replicate_layout 986:Dst text UUid:3100b29f-14b1-4c28-8026-4dfa66cf529c
01-05 14:08:45 com_github_MitjaNemec_ReplicateLayout.replicate_layout 985:Src text UUid:5e84463c-fea2-4367-9897-b9ce1002027c
01-05 14:08:45 com_github_MitjaNemec_ReplicateLayout.replicate_layout 986:Dst text UUid:269ee5b3-0e3c-455c-8b8b-36a381091499
01-05 14:08:45 com_github_MitjaNemec_ReplicateLayout.replicate_layout 985:Src text UUid:b80d45a3-38bd-4451-9695-6e825820df24
01-05 14:08:45 com_github_MitjaNemec_ReplicateLayout.replicate_layout 986:Dst text UUid:e0499747-eeb1-4591-b0cf-118def3177fa
01-05 14:08:45 com_github_MitjaNemec_ReplicateLayout.replicate_layout 985:Src text UUid:51a2c41a-1152-4cef-a8d2-bf1337fbd7be
01-05 14:08:45 com_github_MitjaNemec_ReplicateLayout.replicate_layout 986:Dst text UUid:d5ba450c-27ef-4e5f-b9b5-075f18e51a62
01-05 14:08:45 com_github_MitjaNemec_ReplicateLayout.replicate_layout 985:Src text UUid:e4f61c7d-d388-4d13-9b57-dd4793d55f5d
01-05 14:08:45 com_github_MitjaNemec_ReplicateLayout.replicate_layout 986:Dst text UUid:9d286528-e9bc-4f97-ab58-5f965793f0f9
01-05 14:08:45 com_github_MitjaNemec_ReplicateLayout.replicate_layout 985:Src text UUid:faa5eff6-2aa7-40b4-be5a-10eaa09f9bcc
01-05 14:08:45 com_github_MitjaNemec_ReplicateLayout.replicate_layout 986:Dst text UUid:dd1b1c6e-2e55-4adc-8a8a-a196a8406ba7
01-05 14:08:45 com_github_MitjaNemec_ReplicateLayout.replicate_layout 985:Src text UUid:5be4a70a-fe6e-4716-b55d-47fa264995c4
01-05 14:08:45 com_github_MitjaNemec_ReplicateLayout.replicate_layout 986:Dst text UUid:e6aedb84-9526-4177-b292-77f27df7110e
01-05 14:08:45 com_github_MitjaNemec_ReplicateLayout.replicate_layout 985:Src text UUid:fd0d3f31-9925-4170-add5-ffc829605c90
01-05 14:08:45 com_github_MitjaNemec_ReplicateLayout.replicate_layout 986:Dst text UUid:b36930a7-224c-4d30-ae2b-2d3b2c58baba
01-05 14:08:45 com_github_MitjaNemec_ReplicateLayout.replicate_layout 985:Src text UUid:8070fd97-fbe6-40d0-b180-043c3434279d
01-05 14:08:45 com_github_MitjaNemec_ReplicateLayout.replicate_layout 986:Dst text UUid:1f9abc91-ae24-4eea-a340-a82a2764dee3
01-05 14:08:45 com_github_MitjaNemec_ReplicateLayout.replicate_layout 985:Src text UUid:df80f243-436e-4dd3-ba0a-55b1af6c4a70
01-05 14:08:45 com_github_MitjaNemec_ReplicateLayout.replicate_layout 986:Dst text UUid:e0e7f2c5-ee28-47f7-901e-999f07b655c9
01-05 14:08:45 com_github_MitjaNemec_ReplicateLayout.replicate_layout 985:Src text UUid:a3ecf918-3891-4748-997a-9e6104933403
01-05 14:08:45 com_github_MitjaNemec_ReplicateLayout.replicate_layout 986:Dst text UUid:87176ade-bd7c-410d-95e8-d2d78a324ec8
01-05 14:08:45 com_github_MitjaNemec_ReplicateLayout.replicate_layout 985:Src text UUid:e2a914da-103f-4270-9e2f-2f1302896238
01-05 14:08:45 com_github_MitjaNemec_ReplicateLayout.replicate_layout 986:Dst text UUid:614d95aa-4ab9-4b52-aee1-7d9730d6f700
01-05 14:08:45 com_github_MitjaNemec_ReplicateLayout.replicate_layout 985:Src text UUid:d77a3c49-c5a0-4673-a0d3-e7787fcee14d
01-05 14:08:45 com_github_MitjaNemec_ReplicateLayout.replicate_layout 986:Dst text UUid:cda027c1-3c52-4f10-92a9-8fc0ec5cd8db
01-05 14:08:45 com_github_MitjaNemec_ReplicateLayout.replicate_layout 985:Src text UUid:309ebfb0-81cc-46ab-aac0-109ea57bf4b2
01-05 14:08:45 com_github_MitjaNemec_ReplicateLayout.replicate_layout 986:Dst text UUid:7acacdfb-d5fe-4252-a65b-3cd13ffdb834
01-05 14:08:45 com_github_MitjaNemec_ReplicateLayout.replicate_layout 985:Src text UUid:720ada74-ad46-4e36-8e6b-4e2226b527a0
01-05 14:08:45 com_github_MitjaNemec_ReplicateLayout.replicate_layout 986:Dst text UUid:7c39f6fe-bf2a-4335-b58e-a502d2959aec
01-05 14:08:45 com_github_MitjaNemec_ReplicateLayout.replicate_layout 985:Src text UUid:e74088da-caec-417c-a06f-5693b6733884
01-05 14:08:45 com_github_MitjaNemec_ReplicateLayout.replicate_layout 986:Dst text UUid:66dde82c-7005-43f9-95ed-3028e6a6be20
01-05 14:08:45 com_github_MitjaNemec_ReplicateLayout.replicate_layout 985:Src text UUid:413a08b4-53af-4272-841f-d60f37f0b55c
01-05 14:08:45 com_github_MitjaNemec_ReplicateLayout.replicate_layout 986:Dst text UUid:1d8d1dac-65d6-4756-b365-3418a0b03683
01-05 14:08:45 com_github_MitjaNemec_ReplicateLayout.replicate_layout 985:Src text UUid:eee1980f-95d1-4f30-8425-3a007e97ba59
01-05 14:08:45 com_github_MitjaNemec_ReplicateLayout.replicate_layout 986:Dst text UUid:d7bfae1d-f397-4987-835f-755e1ee9e0c3
01-05 14:08:45 com_github_MitjaNemec_ReplicateLayout.replicate_layout 985:Src text UUid:c96897e7-880c-44bd-94a9-611940bf5f95
01-05 14:08:45 com_github_MitjaNemec_ReplicateLayout.replicate_layout 986:Dst text UUid:8e38f42e-bc7c-405d-8c15-b977b3cb5106
01-05 14:08:45 com_github_MitjaNemec_ReplicateLayout.replicate_layout 985:Src text UUid:7bdcb60f-e082-412f-baa6-3c09af5f82d9
01-05 14:08:45 com_github_MitjaNemec_ReplicateLayout.replicate_layout 986:Dst text UUid:6cb16b8c-6fe5-4edd-9e7f-7de5cce77eec
01-05 14:08:45 com_github_MitjaNemec_ReplicateLayout.replicate_layout 985:Src text UUid:97e3d5b8-9558-490c-b6cf-93eb16f34a2b
01-05 14:08:45 com_github_MitjaNemec_ReplicateLayout.replicate_layout 986:Dst text UUid:e7617c76-12ba-43f7-b5cd-e80b1b7160c4
01-05 14:08:45 com_github_MitjaNemec_ReplicateLayout.replicate_layout 985:Src text UUid:873e31aa-ff27-4388-a0dd-d61681939842
01-05 14:08:45 com_github_MitjaNemec_ReplicateLayout.replicate_layout 986:Dst text UUid:93459763-f1b8-48d8-a4ed-f1ab22b0c68e
01-05 14:08:45 com_github_MitjaNemec_ReplicateLayout.replicate_layout 985:Src text UUid:f374e2cf-9ff2-4a69-b442-503babcfe429
01-05 14:08:45 com_github_MitjaNemec_ReplicateLayout.replicate_layout 986:Dst text UUid:1b216e58-da7a-453e-b560-609b73ec3849
01-05 14:08:45 com_github_MitjaNemec_ReplicateLayout.replicate_layout 985:Src text UUid:6e9397f2-b4c3-4efe-94e5-2ed0ef45520a
01-05 14:08:45 com_github_MitjaNemec_ReplicateLayout.replicate_layout 986:Dst text UUid:137641f7-dffa-4aa8-a762-d791f89b9bee
01-05 14:08:45 com_github_MitjaNemec_ReplicateLayout.replicate_layout 985:Src text UUid:742dd531-0f67-491c-9cd6-dec7dd0361e3
01-05 14:08:45 com_github_MitjaNemec_ReplicateLayout.replicate_layout 986:Dst text UUid:269e817a-9b5d-40c8-8cfb-43bc0c087d42
01-05 14:08:45 com_github_MitjaNemec_ReplicateLayout.replicate_layout 985:Src text UUid:160bde27-3aec-4bbb-b666-a5f08fd0c623
01-05 14:08:45 com_github_MitjaNemec_ReplicateLayout.replicate_layout 986:Dst text UUid:3fa489e1-b0ae-44a1-bd2c-8ebc95b87d9c
01-05 14:08:45 com_github_MitjaNemec_ReplicateLayout.replicate_layout 985:Src text UUid:701af9bb-0202-4077-93c1-ee2cc139de12
01-05 14:08:45 com_github_MitjaNemec_ReplicateLayout.replicate_layout 986:Dst text UUid:467045b7-f788-4b49-96fd-bad297632eb8
01-05 14:08:45 com_github_MitjaNemec_ReplicateLayout.replicate_layout 985:Src text UUid:37bd1ae6-67c0-4c49-b13f-cb770390144a
01-05 14:08:45 com_github_MitjaNemec_ReplicateLayout.replicate_layout 986:Dst text UUid:f284e009-5026-4538-9091-d91c2eae93b2
01-05 14:08:45 com_github_MitjaNemec_ReplicateLayout.replicate_layout 985:Src text UUid:7494a9d0-13e9-43fc-a6c8-2e73d163bff8
01-05 14:08:45 com_github_MitjaNemec_ReplicateLayout.replicate_layout 986:Dst text UUid:e8165d5d-9c8f-4bd8-b254-fbd6c11c216e
01-05 14:08:45 com_github_MitjaNemec_ReplicateLayout.replicate_layout 985:Src text UUid:2875dd82-7767-437c-ba3f-16fd26aedb20
01-05 14:08:45 com_github_MitjaNemec_ReplicateLayout.replicate_layout 986:Dst text UUid:7029b067-5c87-4a05-8f41-2f56944225a5
01-05 14:08:45 com_github_MitjaNemec_ReplicateLayout.replicate_layout 985:Src text UUid:f1c588d0-4282-4dac-bb0c-6a4a7793c3dd
01-05 14:08:45 com_github_MitjaNemec_ReplicateLayout.replicate_layout 986:Dst text UUid:88ab3652-d6dc-4cb0-9065-beaa2ec4c28c
01-05 14:08:45 com_github_MitjaNemec_ReplicateLayout.replicate_layout 985:Src text UUid:7bd25ea0-3787-4495-8e87-fd2311c97a4d
01-05 14:08:45 com_github_MitjaNemec_ReplicateLayout.replicate_layout 986:Dst text UUid:745df2d4-c0bb-40b1-8f35-7d332f392cab
01-05 14:08:45 com_github_MitjaNemec_ReplicateLayout.replicate_layout 985:Src text UUid:b27f35a2-af62-4950-91b6-28a121afc1e7
01-05 14:08:45 com_github_MitjaNemec_ReplicateLayout.replicate_layout 986:Dst text UUid:2986fd29-c2bc-4f05-9ac3-44408cd334a2
01-05 14:08:45 com_github_MitjaNemec_ReplicateLayout.replicate_layout 985:Src text UUid:cd2db407-eb28-4843-b464-c52dbc2c1c9a
01-05 14:08:45 com_github_MitjaNemec_ReplicateLayout.replicate_layout 986:Dst text UUid:d1b8a4a2-bffd-4c10-9b75-4805dcdc7241
01-05 14:08:45 com_github_MitjaNemec_ReplicateLayout.replicate_layout 985:Src text UUid:7813625d-f19c-4b65-8673-731798a298fd
01-05 14:08:45 com_github_MitjaNemec_ReplicateLayout.replicate_layout 986:Dst text UUid:7b8d8770-0ef6-4fce-8c63-d9bb0cba1526
01-05 14:08:45 com_github_MitjaNemec_ReplicateLayout.replicate_layout 985:Src text UUid:62b0a65f-acca-4686-b480-8a769d44777c
01-05 14:08:45 com_github_MitjaNemec_ReplicateLayout.replicate_layout 986:Dst text UUid:257d502a-6eb0-47c9-a6fc-a9b1b4533ea4
01-05 14:08:45 com_github_MitjaNemec_ReplicateLayout.replicate_layout 985:Src text UUid:c642f188-92e1-46aa-b67c-e987ebdd409b
01-05 14:08:45 com_github_MitjaNemec_ReplicateLayout.replicate_layout 986:Dst text UUid:dc0f50eb-9d33-4915-8f9c-71e7bb54d660
01-05 14:08:45 com_github_MitjaNemec_ReplicateLayout.replicate_layout 985:Src text UUid:21dcbc11-4118-450e-866f-4b82dfb0a817
01-05 14:08:45 com_github_MitjaNemec_ReplicateLayout.replicate_layout 986:Dst text UUid:88a6633d-35aa-4307-9425-42ff767f300e
01-05 14:08:45 com_github_MitjaNemec_ReplicateLayout.replicate_layout 985:Src text UUid:db0c9222-38a9-41f5-b57b-db84cfd6dc25
01-05 14:08:45 com_github_MitjaNemec_ReplicateLayout.replicate_layout 986:Dst text UUid:7b60259a-4db6-42ea-b452-9018c4800e6e
01-05 14:08:45 com_github_MitjaNemec_ReplicateLayout.replicate_layout 985:Src text UUid:dae4c4ef-64a6-467e-8ca4-d840795910b6
01-05 14:08:45 com_github_MitjaNemec_ReplicateLayout.replicate_layout 986:Dst text UUid:51a50814-005a-4489-9102-e40251350f69
01-05 14:08:45 com_github_MitjaNemec_ReplicateLayout.replicate_layout 985:Src text UUid:71f7033a-a1b7-4173-875d-b2994f356596
01-05 14:08:45 com_github_MitjaNemec_ReplicateLayout.replicate_layout 986:Dst text UUid:be0a5ee0-f2fd-4b4c-a321-df054a2a09f6
01-05 14:08:45 com_github_MitjaNemec_ReplicateLayout.replicate_layout 985:Src text UUid:8826b50a-86ce-4243-b5f5-a82974d96702
01-05 14:08:45 com_github_MitjaNemec_ReplicateLayout.replicate_layout 986:Dst text UUid:46cb50be-8503-4de7-b187-2e7b12428106
01-05 14:08:45 com_github_MitjaNemec_ReplicateLayout.replicate_layout 985:Src text UUid:04bd329b-c1b7-4fd1-9128-94123b1b9b81
01-05 14:08:45 com_github_MitjaNemec_ReplicateLayout.replicate_layout 986:Dst text UUid:9886adfa-95bb-4aa0-a7c7-5f637776e1fc
01-05 14:08:45 com_github_MitjaNemec_ReplicateLayout.replicate_layout 985:Src text UUid:d7075bed-2aec-4b22-907d-3cf26640562e
01-05 14:08:45 com_github_MitjaNemec_ReplicateLayout.replicate_layout 986:Dst text UUid:592fa382-727f-492f-a6f5-a4d3844bd147
01-05 14:08:45 com_github_MitjaNemec_ReplicateLayout.replicate_layout 985:Src text UUid:b4f14db9-cad7-4d80-9c46-1b086640b0a3
01-05 14:08:45 com_github_MitjaNemec_ReplicateLayout.replicate_layout 986:Dst text UUid:d1dd1347-7d91-4b10-8cec-aa01227ced78
01-05 14:08:45 com_github_MitjaNemec_ReplicateLayout.replicate_layout 985:Src text UUid:7f33f0a8-6270-4a59-99fe-b84f21f9a28e
01-05 14:08:45 com_github_MitjaNemec_ReplicateLayout.replicate_layout 986:Dst text UUid:84066a17-1811-478d-bb46-e26d4a7d9cf1
01-05 14:08:45 com_github_MitjaNemec_ReplicateLayout.replicate_layout 985:Src text UUid:342e2b1f-8a07-41ed-9899-d5ef7cad1716
01-05 14:08:45 com_github_MitjaNemec_ReplicateLayout.replicate_layout 986:Dst text UUid:bbed7986-2615-47d3-8a9c-9bb61455128d
01-05 14:08:45 com_github_MitjaNemec_ReplicateLayout.replicate_layout 985:Src text UUid:d84ea3cd-c383-4bbe-b632-adcd8f6906ad
01-05 14:08:45 com_github_MitjaNemec_ReplicateLayout.replicate_layout 986:Dst text UUid:2f5c2554-35d1-4fc2-892a-fff1a53ac935
01-05 14:08:45 com_github_MitjaNemec_ReplicateLayout.replicate_layout 985:Src text UUid:f1d21ffe-1bd0-48bb-b898-adbe0d28a200
01-05 14:08:45 com_github_MitjaNemec_ReplicateLayout.replicate_layout 986:Dst text UUid:d774d289-6859-44f8-aa6d-9fbfabe8bf99
01-05 14:08:45 com_github_MitjaNemec_ReplicateLayout.replicate_layout 985:Src text UUid:9322cc58-10e8-4f9a-a362-3672fc517bd1
01-05 14:08:45 com_github_MitjaNemec_ReplicateLayout.replicate_layout 986:Dst text UUid:08e91da9-d813-4882-beba-60330c49bacd
01-05 14:08:45 com_github_MitjaNemec_ReplicateLayout.replicate_layout 985:Src text UUid:22ee18cd-0220-4004-b73e-83eeda070da9
01-05 14:08:45 com_github_MitjaNemec_ReplicateLayout.replicate_layout 986:Dst text UUid:f43812d4-32ad-48c1-be3c-60e981e157eb
01-05 14:08:45 com_github_MitjaNemec_ReplicateLayout.replicate_layout 985:Src text UUid:51fe0a1e-c604-408b-a27d-6393dfa06920
01-05 14:08:45 com_github_MitjaNemec_ReplicateLayout.replicate_layout 986:Dst text UUid:59fc61c9-0780-45b1-a4c5-45613a5bbbef
01-05 14:08:45 com_github_MitjaNemec_ReplicateLayout.replicate_layout 985:Src text UUid:4784fb12-a75d-4146-8816-346da69e6383
01-05 14:08:45 com_github_MitjaNemec_ReplicateLayout.replicate_layout 986:Dst text UUid:c5e81895-1a0b-4d23-adeb-8b119fe99f3f
01-05 14:08:45 com_github_MitjaNemec_ReplicateLayout.replicate_layout 985:Src text UUid:e80e27e7-99e6-462a-ba35-90f62be55646
01-05 14:08:45 com_github_MitjaNemec_ReplicateLayout.replicate_layout 986:Dst text UUid:5b38498b-efed-49e3-9298-97b273931bc5
01-05 14:08:45 com_github_MitjaNemec_ReplicateLayout.replicate_layout 985:Src text UUid:8d416614-492a-44ad-8f09-fd612cced059
01-05 14:08:45 com_github_MitjaNemec_ReplicateLayout.replicate_layout 986:Dst text UUid:4692a4e5-9e59-4eef-8c6a-d5dfb6969a3a
01-05 14:08:45 com_github_MitjaNemec_ReplicateLayout.replicate_layout 985:Src text UUid:273db611-a1ec-442f-beee-407960450c19
01-05 14:08:45 com_github_MitjaNemec_ReplicateLayout.replicate_layout 986:Dst text UUid:fa2e75ec-275f-44eb-b5d5-3614ac30cb09
01-05 14:08:45 com_github_MitjaNemec_ReplicateLayout.replicate_layout 985:Src text UUid:a89c40ec-2f2b-4f95-8ec5-3f108dd6df48
01-05 14:08:45 com_github_MitjaNemec_ReplicateLayout.replicate_layout 986:Dst text UUid:3f900b70-9e62-4c2a-8dc5-9e1cb2fbeeac
01-05 14:08:45 com_github_MitjaNemec_ReplicateLayout.replicate_layout 985:Src text UUid:471176c3-039e-4215-8ae4-8bb32fa87f73
01-05 14:08:45 com_github_MitjaNemec_ReplicateLayout.replicate_layout 986:Dst text UUid:ed03c5c9-822c-4af7-a6ea-b97974910276
01-05 14:08:45 com_github_MitjaNemec_ReplicateLayout.replicate_layout 985:Src text UUid:4eeda419-4c9b-4293-b0aa-78e10fc5b2b5
01-05 14:08:45 com_github_MitjaNemec_ReplicateLayout.replicate_layout 986:Dst text UUid:e563eb60-85d7-44af-b6ba-c97cbd3b6094
01-05 14:08:45 com_github_MitjaNemec_ReplicateLayout.replicate_layout 985:Src text UUid:f8c54512-1eba-443d-a59f-fafb74301f4f
01-05 14:08:45 com_github_MitjaNemec_ReplicateLayout.replicate_layout 986:Dst text UUid:b503e23a-f004-4e3c-a952-e0b09b2301c1
01-05 14:08:45 com_github_MitjaNemec_ReplicateLayout.replicate_layout 985:Src text UUid:b83ca023-de73-4147-8188-4a9332e30fb3
01-05 14:08:45 com_github_MitjaNemec_ReplicateLayout.replicate_layout 986:Dst text UUid:1226ccb4-abee-437d-92c4-b58319780008
01-05 14:08:45 root 332:updating GUI message: 'Replicating tracks'
01-05 14:08:45 root 337:updating GUI with: 0
01-05 14:08:45 com_github_MitjaNemec_ReplicateLayout.replicate_layout 1009:Replicating tracks
01-05 14:08:45 com_github_MitjaNemec_ReplicateLayout.replicate_layout 1015:Replicating tracks on sheet ['drivergates2']
01-05 14:08:45 com_github_MitjaNemec_ReplicateLayout.replicate_layout 792:Net pairs for sheet ['drivergates2'] :[('Net-(IC1-LO)', 'Net-(IC9-LO)'), ('Net-(D3-K)', 'Net-(D55-K)'), ('Net-(IC5-IN+2)', 'Net-(IC13-IN+2)'), ('Net-(Q2-G)', 'Net-(Q16-G)'), ('Net-(Q6-G)', 'Net-(Q20-G)'), ('/drivergates1/PWM_V_L', '/drivergates2/PWM_V_L'), ('+12V', '+12V'), ('Net-(D3-A)', 'Net-(D55-A)'), ('unconnected-(IC2-EP-Pad9)', 'unconnected-(IC10-EP-Pad9)'), ('unconnected-(IC3-HS-Pad6)', 'unconnected-(IC11-HS-Pad6)'), ('Net-(D2-A)', 'Net-(D54-A)'), ('Net-(IC5-IN+1)', 'Net-(IC13-IN+1)'), ('Net-(Q7-G)', 'Net-(Q21-G)'), ('+5V', '+5V'), ('/drivergates1/PHASE_V', '/drivergates2/PHASE_V'), ('Net-(IC4-HO)', 'Net-(IC12-HO)'), ('/drivergates1/BRAKE', '/drivergates2/BRAKE'), ('Net-(IC3-LO)', 'Net-(IC11-LO)'), ('Net-(IC2-HS)', 'Net-(IC10-HS)'), ('Net-(IC4-HS)', 'Net-(IC12-HS)'), ('Net-(IC2-HO)', 'Net-(IC10-HO)'), ('Net-(Q5-G)', 'Net-(Q19-G)'), ('Net-(D2-K)', 'Net-(D54-K)'), ('Net-(D1-A)', 'Net-(D53-A)'), ('Net-(Q3-G)', 'Net-(Q17-G)'), ('+2.5V', '+2.5V'), ('Net-(IC4-LO)', 'Net-(IC12-LO)'), ('unconnected-(IC4-EP-Pad9)', 'unconnected-(IC12-EP-Pad9)'), ('unconnected-(IC3-HI-Pad2)', 'unconnected-(IC11-HI-Pad2)'), ('Net-(Q1-G)', 'Net-(Q15-G)'), ('Net-(IC2-LO)', 'Net-(IC10-LO)'), ('unconnected-(IC3-EP-Pad9)', 'unconnected-(IC11-EP-Pad9)'), ('/drivergates1/PWM_W_H', '/drivergates2/PWM_W_H'), ('Net-(IC1-HO)', 'Net-(IC9-HO)'), ('/drivergates1/PWM_V_H', '/drivergates2/PWM_V_H'), ('unconnected-(IC3-HB-Pad8)', 'unconnected-(IC11-HB-Pad8)'), ('/drivergates1/PWM_W_L', '/drivergates2/PWM_W_L'), ('/drivergates1/PWM_U_L', '/drivergates2/PWM_U_L'), ('/servo1/ADC_I0_POS', '/servo2/ADC_I0_POS'), ('Net-(Q4-G)', 'Net-(Q18-G)'), ('unconnected-(IC1-EP-Pad9)', 'unconnected-(IC9-EP-Pad9)'), ('/drivergates1/PHASE_U', '/drivergates2/PHASE_U'), ('Net-(D1-K)', 'Net-(D53-K)'), ('Net-(IC1-HS)', 'Net-(IC9-HS)'), ('/servo1/ADC_I1_POS', '/servo2/ADC_I1_POS'), ('GND', 'GND'), ('Net-(D4-A)', 'Net-(D56-A)'), ('/drivergates1/PHASE_W', '/drivergates2/PHASE_W'), ('/drivergates1/PWM_U_H', '/drivergates2/PWM_U_H'), ('unconnected-(IC3-HO-Pad7)', 'unconnected-(IC11-HO-Pad7)')]
01-05 14:08:45 com_github_MitjaNemec_ReplicateLayout.replicate_layout 1015:Replicating tracks on sheet ['drivergates3']
01-05 14:08:45 com_github_MitjaNemec_ReplicateLayout.replicate_layout 792:Net pairs for sheet ['drivergates3'] :[('/drivergates1/PHASE_W', '/drivergates3/PHASE_W'), ('unconnected-(IC2-EP-Pad9)', 'unconnected-(IC15-EP-Pad9)'), ('Net-(IC2-LO)', 'Net-(IC15-LO)'), ('Net-(Q7-G)', 'Net-(Q28-G)'), ('Net-(Q3-G)', 'Net-(Q24-G)'), ('Net-(D2-K)', 'Net-(D76-K)'), ('+12V', '+12V'), ('Net-(Q6-G)', 'Net-(Q27-G)'), ('/drivergates1/PWM_W_H', '/drivergates3/PWM_W_H'), ('Net-(IC1-HO)', 'Net-(IC14-HO)'), ('unconnected-(IC3-HO-Pad7)', 'unconnected-(IC16-HO-Pad7)'), ('+5V', '+5V'), ('Net-(Q5-G)', 'Net-(Q26-G)'), ('unconnected-(IC3-HI-Pad2)', 'unconnected-(IC16-HI-Pad2)'), ('unconnected-(IC3-HS-Pad6)', 'unconnected-(IC16-HS-Pad6)'), ('unconnected-(IC4-EP-Pad9)', 'unconnected-(IC17-EP-Pad9)'), ('Net-(Q2-G)', 'Net-(Q23-G)'), ('unconnected-(IC1-EP-Pad9)', 'unconnected-(IC14-EP-Pad9)'), ('/drivergates1/PWM_U_L', '/drivergates3/PWM_U_L'), ('Net-(IC2-HO)', 'Net-(IC15-HO)'), ('Net-(D3-A)', 'Net-(D77-A)'), ('Net-(IC3-LO)', 'Net-(IC16-LO)'), ('Net-(D2-A)', 'Net-(D76-A)'), ('Net-(IC5-IN+2)', 'Net-(IC18-IN+2)'), ('+2.5V', '+2.5V'), ('/drivergates1/PHASE_V', '/drivergates3/PHASE_V'), ('/servo1/ADC_I1_POS', '/servo3/ADC_I1_POS'), ('/drivergates1/PWM_V_H', '/drivergates3/PWM_V_H'), ('Net-(IC1-LO)', 'Net-(IC14-LO)'), ('Net-(IC1-HS)', 'Net-(IC14-HS)'), ('unconnected-(IC3-HB-Pad8)', 'unconnected-(IC16-HB-Pad8)'), ('Net-(D4-A)', 'Net-(D78-A)'), ('Net-(Q1-G)', 'Net-(Q22-G)'), ('Net-(D3-K)', 'Net-(D77-K)'), ('/drivergates1/BRAKE', '/drivergates3/BRAKE'), ('/drivergates1/PWM_U_H', '/drivergates3/PWM_U_H'), ('Net-(IC2-HS)', 'Net-(IC15-HS)'), ('/drivergates1/PHASE_U', '/drivergates3/PHASE_U'), ('/servo1/ADC_I0_POS', '/servo3/ADC_I0_POS'), ('Net-(IC4-HO)', 'Net-(IC17-HO)'), ('Net-(D1-K)', 'Net-(D75-K)'), ('Net-(Q4-G)', 'Net-(Q25-G)'), ('Net-(IC5-IN+1)', 'Net-(IC18-IN+1)'), ('unconnected-(IC3-EP-Pad9)', 'unconnected-(IC16-EP-Pad9)'), ('Net-(IC4-LO)', 'Net-(IC17-LO)'), ('/drivergates1/PWM_W_L', '/drivergates3/PWM_W_L'), ('Net-(D1-A)', 'Net-(D75-A)'), ('/drivergates1/PWM_V_L', '/drivergates3/PWM_V_L'), ('GND', 'GND'), ('Net-(IC4-HS)', 'Net-(IC17-HS)')]
01-05 14:08:45 root 332:updating GUI message: 'Replicating zones'
01-05 14:08:45 com_github_MitjaNemec_ReplicateLayout.replicate_layout 1079:Replicating zones
01-05 14:08:45 com_github_MitjaNemec_ReplicateLayout.replicate_layout 1086:Replicating zones on sheet ['drivergates2']
01-05 14:08:45 com_github_MitjaNemec_ReplicateLayout.replicate_layout 792:Net pairs for sheet ['drivergates2'] :[('Net-(IC1-LO)', 'Net-(IC9-LO)'), ('Net-(D3-K)', 'Net-(D55-K)'), ('Net-(IC5-IN+2)', 'Net-(IC13-IN+2)'), ('Net-(Q2-G)', 'Net-(Q16-G)'), ('Net-(Q6-G)', 'Net-(Q20-G)'), ('/drivergates1/PWM_V_L', '/drivergates2/PWM_V_L'), ('+12V', '+12V'), ('Net-(D3-A)', 'Net-(D55-A)'), ('unconnected-(IC2-EP-Pad9)', 'unconnected-(IC10-EP-Pad9)'), ('unconnected-(IC3-HS-Pad6)', 'unconnected-(IC11-HS-Pad6)'), ('Net-(D2-A)', 'Net-(D54-A)'), ('Net-(IC5-IN+1)', 'Net-(IC13-IN+1)'), ('Net-(Q7-G)', 'Net-(Q21-G)'), ('+5V', '+5V'), ('/drivergates1/PHASE_V', '/drivergates2/PHASE_V'), ('Net-(IC4-HO)', 'Net-(IC12-HO)'), ('/drivergates1/BRAKE', '/drivergates2/BRAKE'), ('Net-(IC3-LO)', 'Net-(IC11-LO)'), ('Net-(IC2-HS)', 'Net-(IC10-HS)'), ('Net-(IC4-HS)', 'Net-(IC12-HS)'), ('Net-(IC2-HO)', 'Net-(IC10-HO)'), ('Net-(Q5-G)', 'Net-(Q19-G)'), ('Net-(D2-K)', 'Net-(D54-K)'), ('Net-(D1-A)', 'Net-(D53-A)'), ('Net-(Q3-G)', 'Net-(Q17-G)'), ('+2.5V', '+2.5V'), ('Net-(IC4-LO)', 'Net-(IC12-LO)'), ('unconnected-(IC4-EP-Pad9)', 'unconnected-(IC12-EP-Pad9)'), ('unconnected-(IC3-HI-Pad2)', 'unconnected-(IC11-HI-Pad2)'), ('Net-(Q1-G)', 'Net-(Q15-G)'), ('Net-(IC2-LO)', 'Net-(IC10-LO)'), ('unconnected-(IC3-EP-Pad9)', 'unconnected-(IC11-EP-Pad9)'), ('/drivergates1/PWM_W_H', '/drivergates2/PWM_W_H'), ('Net-(IC1-HO)', 'Net-(IC9-HO)'), ('/drivergates1/PWM_V_H', '/drivergates2/PWM_V_H'), ('unconnected-(IC3-HB-Pad8)', 'unconnected-(IC11-HB-Pad8)'), ('/drivergates1/PWM_W_L', '/drivergates2/PWM_W_L'), ('/drivergates1/PWM_U_L', '/drivergates2/PWM_U_L'), ('/servo1/ADC_I0_POS', '/servo2/ADC_I0_POS'), ('Net-(Q4-G)', 'Net-(Q18-G)'), ('unconnected-(IC1-EP-Pad9)', 'unconnected-(IC9-EP-Pad9)'), ('/drivergates1/PHASE_U', '/drivergates2/PHASE_U'), ('Net-(D1-K)', 'Net-(D53-K)'), ('Net-(IC1-HS)', 'Net-(IC9-HS)'), ('/servo1/ADC_I1_POS', '/servo2/ADC_I1_POS'), ('GND', 'GND'), ('Net-(D4-A)', 'Net-(D56-A)'), ('/drivergates1/PHASE_W', '/drivergates2/PHASE_W'), ('/drivergates1/PWM_U_H', '/drivergates2/PWM_U_H'), ('unconnected-(IC3-HO-Pad7)', 'unconnected-(IC11-HO-Pad7)')]
01-05 14:08:45 com_github_MitjaNemec_ReplicateLayout.replicate_layout 1086:Replicating zones on sheet ['drivergates3']
01-05 14:08:45 com_github_MitjaNemec_ReplicateLayout.replicate_layout 792:Net pairs for sheet ['drivergates3'] :[('/drivergates1/PHASE_W', '/drivergates3/PHASE_W'), ('unconnected-(IC2-EP-Pad9)', 'unconnected-(IC15-EP-Pad9)'), ('Net-(IC2-LO)', 'Net-(IC15-LO)'), ('Net-(Q7-G)', 'Net-(Q28-G)'), ('Net-(Q3-G)', 'Net-(Q24-G)'), ('Net-(D2-K)', 'Net-(D76-K)'), ('+12V', '+12V'), ('Net-(Q6-G)', 'Net-(Q27-G)'), ('/drivergates1/PWM_W_H', '/drivergates3/PWM_W_H'), ('Net-(IC1-HO)', 'Net-(IC14-HO)'), ('unconnected-(IC3-HO-Pad7)', 'unconnected-(IC16-HO-Pad7)'), ('+5V', '+5V'), ('Net-(Q5-G)', 'Net-(Q26-G)'), ('unconnected-(IC3-HI-Pad2)', 'unconnected-(IC16-HI-Pad2)'), ('unconnected-(IC3-HS-Pad6)', 'unconnected-(IC16-HS-Pad6)'), ('unconnected-(IC4-EP-Pad9)', 'unconnected-(IC17-EP-Pad9)'), ('Net-(Q2-G)', 'Net-(Q23-G)'), ('unconnected-(IC1-EP-Pad9)', 'unconnected-(IC14-EP-Pad9)'), ('/drivergates1/PWM_U_L', '/drivergates3/PWM_U_L'), ('Net-(IC2-HO)', 'Net-(IC15-HO)'), ('Net-(D3-A)', 'Net-(D77-A)'), ('Net-(IC3-LO)', 'Net-(IC16-LO)'), ('Net-(D2-A)', 'Net-(D76-A)'), ('Net-(IC5-IN+2)', 'Net-(IC18-IN+2)'), ('+2.5V', '+2.5V'), ('/drivergates1/PHASE_V', '/drivergates3/PHASE_V'), ('/servo1/ADC_I1_POS', '/servo3/ADC_I1_POS'), ('/drivergates1/PWM_V_H', '/drivergates3/PWM_V_H'), ('Net-(IC1-LO)', 'Net-(IC14-LO)'), ('Net-(IC1-HS)', 'Net-(IC14-HS)'), ('unconnected-(IC3-HB-Pad8)', 'unconnected-(IC16-HB-Pad8)'), ('Net-(D4-A)', 'Net-(D78-A)'), ('Net-(Q1-G)', 'Net-(Q22-G)'), ('Net-(D3-K)', 'Net-(D77-K)'), ('/drivergates1/BRAKE', '/drivergates3/BRAKE'), ('/drivergates1/PWM_U_H', '/drivergates3/PWM_U_H'), ('Net-(IC2-HS)', 'Net-(IC15-HS)'), ('/drivergates1/PHASE_U', '/drivergates3/PHASE_U'), ('/servo1/ADC_I0_POS', '/servo3/ADC_I0_POS'), ('Net-(IC4-HO)', 'Net-(IC17-HO)'), ('Net-(D1-K)', 'Net-(D75-K)'), ('Net-(Q4-G)', 'Net-(Q25-G)'), ('Net-(IC5-IN+1)', 'Net-(IC18-IN+1)'), ('unconnected-(IC3-EP-Pad9)', 'unconnected-(IC16-EP-Pad9)'), ('Net-(IC4-LO)', 'Net-(IC17-LO)'), ('/drivergates1/PWM_W_L', '/drivergates3/PWM_W_L'), ('Net-(D1-A)', 'Net-(D75-A)'), ('/drivergates1/PWM_V_L', '/drivergates3/PWM_V_L'), ('GND', 'GND'), ('Net-(IC4-HS)', 'Net-(IC17-HS)')]
01-05 14:08:45 root 332:updating GUI message: 'Replicating text'
01-05 14:08:45 root 337:updating GUI with: 0
01-05 14:08:45 com_github_MitjaNemec_ReplicateLayout.replicate_layout 1168:Replicating text
01-05 14:08:45 com_github_MitjaNemec_ReplicateLayout.replicate_layout 1175:Replicating text on sheet ['drivergates2']
01-05 14:08:45 com_github_MitjaNemec_ReplicateLayout.replicate_layout 1175:Replicating text on sheet ['drivergates3']
01-05 14:08:45 root 332:updating GUI message: 'Replicating drawings'
01-05 14:08:45 com_github_MitjaNemec_ReplicateLayout.replicate_layout 1219:Replicating drawings
01-05 14:08:45 com_github_MitjaNemec_ReplicateLayout.replicate_layout 1225:Replicating drawings on sheet ['drivergates2']
01-05 14:08:45 com_github_MitjaNemec_ReplicateLayout.replicate_layout 1225:Replicating drawings on sheet ['drivergates3']
01-05 14:08:46 com_github_MitjaNemec_ReplicateLayout.action_replicate_layout 256:Replication complete
