01-07 23:17:27 com_github_MitjaNemec_ReplicateLayout.action_replicate_layout 392:Plugin executed on: 'linux'
01-07 23:17:27 com_github_MitjaNemec_ReplicateLayout.action_replicate_layout 393:Plugin executed with python version: '3.13.1 (main, Dec  4 2024, 18:05:56) [GCC 14.2.1 20240910]'
01-07 23:17:27 com_github_MitjaNemec_ReplicateLayout.action_replicate_layout 394:KiCad build version: 8.0.7
01-07 23:17:27 com_github_MitjaNemec_ReplicateLayout.action_replicate_layout 395:Plugin version: 3.0.3
01-07 23:17:27 com_github_MitjaNemec_ReplicateLayout.action_replicate_layout 396:Frame repr: <wx._core.Frame object at 0x7a209eeff770>
01-07 23:17:27 com_github_MitjaNemec_ReplicateLayout.action_replicate_layout 420:Preparing replicator with D54 as a reference
01-07 23:17:27 com_github_MitjaNemec_ReplicateLayout.replicate_layout 117:getting a list of all footprints on board
01-07 23:17:27 com_github_MitjaNemec_ReplicateLayout.action_replicate_layout 468:source anchor footprint is 'D54'
Located on: ['drivergates2']
With filenames: ['gates.kicad_sch']
With sheet_id:['drivergates2']
01-07 23:17:27 com_github_MitjaNemec_ReplicateLayout.action_replicate_layout 475:Corresponding footprints are 
[('D76', ['drivergates3']), ('D2', ['drivergates1']), ('D54', ['drivergates2'])]
01-07 23:17:27 com_github_MitjaNemec_ReplicateLayout.action_replicate_layout 487:Showing dialog
01-07 23:17:27 com_github_MitjaNemec_ReplicateLayout.replicate_layout 472:constructing a list of sheets suitable for replication on level:'drivergates2', file:'gates.kicad_sch'
01-07 23:17:27 com_github_MitjaNemec_ReplicateLayout.replicate_layout 509:suitable sheets are:[['drivergates1'], ['drivergates3']]
01-07 23:17:28 com_github_MitjaNemec_ReplicateLayout.replicate_layout 1507:Level selected: ['drivergates2']
01-07 23:17:28 com_github_MitjaNemec_ReplicateLayout.replicate_layout 1331:Filtering list of tracks
01-07 23:17:28 com_github_MitjaNemec_ReplicateLayout.action_replicate_layout 493:Toolbar position: wx.Point(2226, 149)
01-07 23:17:28 com_github_MitjaNemec_ReplicateLayout.action_replicate_layout 498:Dialog position: wx.Point(1787, 149)
01-07 23:17:31 com_github_MitjaNemec_ReplicateLayout.replicate_layout 472:constructing a list of sheets suitable for replication on level:'drivergates2', file:'gates.kicad_sch'
01-07 23:17:31 com_github_MitjaNemec_ReplicateLayout.replicate_layout 509:suitable sheets are:[['drivergates1'], ['drivergates3']]
01-07 23:17:31 com_github_MitjaNemec_ReplicateLayout.replicate_layout 1507:Level selected: ['drivergates2']
01-07 23:17:31 com_github_MitjaNemec_ReplicateLayout.replicate_layout 1331:Filtering list of tracks
01-07 23:17:31 com_github_MitjaNemec_ReplicateLayout.replicate_layout 1337:Track group: Tuning Pattern, src group:
01-07 23:17:31 com_github_MitjaNemec_ReplicateLayout.replicate_layout 1337:Track group: Tuning Pattern, src group:
01-07 23:17:31 com_github_MitjaNemec_ReplicateLayout.replicate_layout 1337:Track group: Tuning Pattern, src group:
01-07 23:17:31 com_github_MitjaNemec_ReplicateLayout.replicate_layout 1337:Track group: Tuning Pattern, src group:
01-07 23:17:31 com_github_MitjaNemec_ReplicateLayout.replicate_layout 1337:Track group: Tuning Pattern, src group:
01-07 23:17:31 com_github_MitjaNemec_ReplicateLayout.replicate_layout 1337:Track group: Tuning Pattern, src group:
01-07 23:17:31 com_github_MitjaNemec_ReplicateLayout.replicate_layout 1337:Track group: Tuning Pattern, src group:
01-07 23:17:31 com_github_MitjaNemec_ReplicateLayout.replicate_layout 1337:Track group: Tuning Pattern, src group:
01-07 23:17:31 com_github_MitjaNemec_ReplicateLayout.replicate_layout 1337:Track group: Tuning Pattern, src group:
01-07 23:17:31 com_github_MitjaNemec_ReplicateLayout.replicate_layout 1337:Track group: Tuning Pattern, src group:
01-07 23:17:31 com_github_MitjaNemec_ReplicateLayout.replicate_layout 1337:Track group: Tuning Pattern, src group:
01-07 23:17:41 com_github_MitjaNemec_ReplicateLayout.replicate_layout 472:constructing a list of sheets suitable for replication on level:'drivergates2', file:'gates.kicad_sch'
01-07 23:17:41 com_github_MitjaNemec_ReplicateLayout.replicate_layout 509:suitable sheets are:[['drivergates1'], ['drivergates3']]
01-07 23:17:41 com_github_MitjaNemec_ReplicateLayout.action_replicate_layout 240:Replicating layout
01-07 23:17:41 com_github_MitjaNemec_ReplicateLayout.replicate_layout 288:Starting replication of sheets: [['drivergates1'], ['drivergates3']]
on level: ['drivergates2']
with tracks=True, zone=True, text=True, text=True, intersecting=False, remove=True, locked footprints=False, group_only=True
01-07 23:17:41 root 332:updating GUI message: 'Preparing for replication'
01-07 23:17:41 com_github_MitjaNemec_ReplicateLayout.replicate_layout 358:Getting the list of source footprints
01-07 23:17:41 root 337:updating GUI with: 0
01-07 23:17:41 com_github_MitjaNemec_ReplicateLayout.replicate_layout 368:Getting the list of all the remaining footprints
01-07 23:17:41 com_github_MitjaNemec_ReplicateLayout.replicate_layout 375:Getting source tracks
01-07 23:17:41 com_github_MitjaNemec_ReplicateLayout.replicate_layout 1331:Filtering list of tracks
01-07 23:17:41 com_github_MitjaNemec_ReplicateLayout.replicate_layout 1337:Track group: Tuning Pattern, src group:
01-07 23:17:41 com_github_MitjaNemec_ReplicateLayout.replicate_layout 1337:Track group: Tuning Pattern, src group:
01-07 23:17:41 com_github_MitjaNemec_ReplicateLayout.replicate_layout 1337:Track group: Tuning Pattern, src group:
01-07 23:17:41 com_github_MitjaNemec_ReplicateLayout.replicate_layout 1337:Track group: Tuning Pattern, src group:
01-07 23:17:41 com_github_MitjaNemec_ReplicateLayout.replicate_layout 1337:Track group: Tuning Pattern, src group:
01-07 23:17:41 com_github_MitjaNemec_ReplicateLayout.replicate_layout 1337:Track group: Tuning Pattern, src group:
01-07 23:17:41 com_github_MitjaNemec_ReplicateLayout.replicate_layout 1337:Track group: Tuning Pattern, src group:
01-07 23:17:41 com_github_MitjaNemec_ReplicateLayout.replicate_layout 1337:Track group: Tuning Pattern, src group:
01-07 23:17:41 com_github_MitjaNemec_ReplicateLayout.replicate_layout 1337:Track group: Tuning Pattern, src group:
01-07 23:17:41 com_github_MitjaNemec_ReplicateLayout.replicate_layout 1337:Track group: Tuning Pattern, src group:
01-07 23:17:41 com_github_MitjaNemec_ReplicateLayout.replicate_layout 1337:Track group: Tuning Pattern, src group:
01-07 23:17:41 com_github_MitjaNemec_ReplicateLayout.replicate_layout 379:Getting source zones
01-07 23:17:41 com_github_MitjaNemec_ReplicateLayout.replicate_layout 383:Getting source text items
01-07 23:17:41 com_github_MitjaNemec_ReplicateLayout.replicate_layout 387:Getting source drawing items
01-07 23:17:41 com_github_MitjaNemec_ReplicateLayout.replicate_layout 320:Removing tracks and zones, before footprint placement
01-07 23:17:41 root 332:updating GUI message: 'Removing zones and tracks'
01-07 23:17:41 root 337:updating GUI with: 0
01-07 23:17:41 com_github_MitjaNemec_ReplicateLayout.replicate_layout 1277:Remove bounding box top:35925000, bottom:102725000, Left:100442501, Right:259592501
01-07 23:17:41 com_github_MitjaNemec_ReplicateLayout.replicate_layout 1277:Remove bounding box top:45665000, bottom:93505000, Left:145472501, Right:263672501
01-07 23:17:41 root 332:updating GUI message: 'Replicating footprints'
01-07 23:17:41 root 337:updating GUI with: 0
01-07 23:17:41 com_github_MitjaNemec_ReplicateLayout.replicate_layout 861:Replicating footprints
01-07 23:17:41 com_github_MitjaNemec_ReplicateLayout.replicate_layout 868:Replicating footprints on sheet ['drivergates1']
01-07 23:17:41 com_github_MitjaNemec_ReplicateLayout.replicate_layout 985:Src text UUid:b09a8f53-79a2-4b44-ba74-15e321acd832
01-07 23:17:41 com_github_MitjaNemec_ReplicateLayout.replicate_layout 986:Dst text UUid:71f7033a-a1b7-4173-875d-b2994f356596
01-07 23:17:41 com_github_MitjaNemec_ReplicateLayout.replicate_layout 985:Src text UUid:08b5047e-6245-4ef0-9e90-06f875384ce9
01-07 23:17:41 com_github_MitjaNemec_ReplicateLayout.replicate_layout 986:Dst text UUid:8826b50a-86ce-4243-b5f5-a82974d96702
01-07 23:17:41 com_github_MitjaNemec_ReplicateLayout.replicate_layout 985:Src text UUid:e5588b07-88d5-43c5-8839-ad312a66bc73
01-07 23:17:41 com_github_MitjaNemec_ReplicateLayout.replicate_layout 986:Dst text UUid:04bd329b-c1b7-4fd1-9128-94123b1b9b81
01-07 23:17:41 com_github_MitjaNemec_ReplicateLayout.replicate_layout 985:Src text UUid:01cdd090-a58d-41a1-a273-963a716ef0b8
01-07 23:17:41 com_github_MitjaNemec_ReplicateLayout.replicate_layout 986:Dst text UUid:44c2dd30-e9aa-41e3-95fe-f6073e90c5b7
01-07 23:17:41 com_github_MitjaNemec_ReplicateLayout.replicate_layout 985:Src text UUid:4b515f41-4e13-4046-a71b-edbe36bc3bf6
01-07 23:17:41 com_github_MitjaNemec_ReplicateLayout.replicate_layout 986:Dst text UUid:78b30a20-f22f-4c1d-992b-d7075d7d0fc2
01-07 23:17:41 com_github_MitjaNemec_ReplicateLayout.replicate_layout 985:Src text UUid:b3b290e1-dd5f-431b-9248-868bebeb847f
01-07 23:17:41 com_github_MitjaNemec_ReplicateLayout.replicate_layout 986:Dst text UUid:a579080a-95fc-4ad1-9b28-4283bed96eed
01-07 23:17:41 com_github_MitjaNemec_ReplicateLayout.replicate_layout 985:Src text UUid:ff01dac2-eda6-4352-af73-fe20fe078d4d
01-07 23:17:41 com_github_MitjaNemec_ReplicateLayout.replicate_layout 986:Dst text UUid:9322cc58-10e8-4f9a-a362-3672fc517bd1
01-07 23:17:41 com_github_MitjaNemec_ReplicateLayout.replicate_layout 985:Src text UUid:7c68ecc5-ecc8-4a85-afb9-8dd674ea29a6
01-07 23:17:41 com_github_MitjaNemec_ReplicateLayout.replicate_layout 986:Dst text UUid:22ee18cd-0220-4004-b73e-83eeda070da9
01-07 23:17:41 com_github_MitjaNemec_ReplicateLayout.replicate_layout 985:Src text UUid:9e3e4b79-f485-4bf4-974d-e2205f1d686a
01-07 23:17:41 com_github_MitjaNemec_ReplicateLayout.replicate_layout 986:Dst text UUid:51fe0a1e-c604-408b-a27d-6393dfa06920
01-07 23:17:41 com_github_MitjaNemec_ReplicateLayout.replicate_layout 985:Src text UUid:af700edc-44cb-4a85-91b1-fe63d53f05e4
01-07 23:17:41 com_github_MitjaNemec_ReplicateLayout.replicate_layout 986:Dst text UUid:d26a376c-f24c-4206-9d14-29a7f76c4488
01-07 23:17:41 com_github_MitjaNemec_ReplicateLayout.replicate_layout 985:Src text UUid:8fbd8ad1-e19a-4a34-9a50-9aa0f2d451e7
01-07 23:17:41 com_github_MitjaNemec_ReplicateLayout.replicate_layout 986:Dst text UUid:37e9071a-fea8-407e-9560-31eb8930095f
01-07 23:17:41 com_github_MitjaNemec_ReplicateLayout.replicate_layout 985:Src text UUid:9c7bbafd-62a0-48e6-b64b-132f00a11abc
01-07 23:17:41 com_github_MitjaNemec_ReplicateLayout.replicate_layout 986:Dst text UUid:68612cb9-7445-4874-a5ed-91ad33f5ae67
01-07 23:17:41 com_github_MitjaNemec_ReplicateLayout.replicate_layout 985:Src text UUid:991d758c-ca76-41a6-bee0-edb66840ced9
01-07 23:17:41 com_github_MitjaNemec_ReplicateLayout.replicate_layout 986:Dst text UUid:d7075bed-2aec-4b22-907d-3cf26640562e
01-07 23:17:41 com_github_MitjaNemec_ReplicateLayout.replicate_layout 985:Src text UUid:b2253908-c233-40a2-aa20-c4d24d9b84e5
01-07 23:17:41 com_github_MitjaNemec_ReplicateLayout.replicate_layout 986:Dst text UUid:b4f14db9-cad7-4d80-9c46-1b086640b0a3
01-07 23:17:41 com_github_MitjaNemec_ReplicateLayout.replicate_layout 985:Src text UUid:f775bdb4-0fbc-4f0c-bc03-1c42f72794a3
01-07 23:17:41 com_github_MitjaNemec_ReplicateLayout.replicate_layout 986:Dst text UUid:7f33f0a8-6270-4a59-99fe-b84f21f9a28e
01-07 23:17:41 com_github_MitjaNemec_ReplicateLayout.replicate_layout 985:Src text UUid:b46fbb59-7f10-4bae-be5c-7b9c020f810b
01-07 23:17:41 com_github_MitjaNemec_ReplicateLayout.replicate_layout 986:Dst text UUid:27b1503d-5e56-4389-aa50-d97b412c00b6
01-07 23:17:41 com_github_MitjaNemec_ReplicateLayout.replicate_layout 985:Src text UUid:a34735de-8a4f-4ea4-b496-dfbe664b13d2
01-07 23:17:41 com_github_MitjaNemec_ReplicateLayout.replicate_layout 986:Dst text UUid:a1916041-04e2-4ce0-b80a-1d09bfa6967e
01-07 23:17:41 com_github_MitjaNemec_ReplicateLayout.replicate_layout 985:Src text UUid:70904b67-759c-48f4-8e6c-afc1fa6f167c
01-07 23:17:41 com_github_MitjaNemec_ReplicateLayout.replicate_layout 986:Dst text UUid:2605c440-42c3-4ef5-bc8d-84589172dda3
01-07 23:17:41 com_github_MitjaNemec_ReplicateLayout.replicate_layout 985:Src text UUid:c53e56b3-90bd-4910-94c2-6ed97533e546
01-07 23:17:41 com_github_MitjaNemec_ReplicateLayout.replicate_layout 986:Dst text UUid:21dcbc11-4118-450e-866f-4b82dfb0a817
01-07 23:17:41 com_github_MitjaNemec_ReplicateLayout.replicate_layout 985:Src text UUid:87b2e3ca-ba9f-4cfa-beeb-5e3ec21194e5
01-07 23:17:41 com_github_MitjaNemec_ReplicateLayout.replicate_layout 986:Dst text UUid:db0c9222-38a9-41f5-b57b-db84cfd6dc25
01-07 23:17:41 com_github_MitjaNemec_ReplicateLayout.replicate_layout 985:Src text UUid:394903af-40a5-461e-87e7-4a53c87e17b0
01-07 23:17:41 com_github_MitjaNemec_ReplicateLayout.replicate_layout 986:Dst text UUid:dae4c4ef-64a6-467e-8ca4-d840795910b6
01-07 23:17:41 com_github_MitjaNemec_ReplicateLayout.replicate_layout 985:Src text UUid:1510879b-b9dc-4fe9-b78f-f3841d983004
01-07 23:17:41 com_github_MitjaNemec_ReplicateLayout.replicate_layout 986:Dst text UUid:83fda8d8-7b13-483e-b7ec-1fa650a0d0cf
01-07 23:17:41 com_github_MitjaNemec_ReplicateLayout.replicate_layout 985:Src text UUid:12402e5f-dfc3-4912-b811-e5506bb3c2bc
01-07 23:17:41 com_github_MitjaNemec_ReplicateLayout.replicate_layout 986:Dst text UUid:74eb99f8-ebb8-4ea1-8d33-cd3020d62405
01-07 23:17:41 com_github_MitjaNemec_ReplicateLayout.replicate_layout 985:Src text UUid:2ea7a299-5c24-4b8b-873f-fc96567cbf84
01-07 23:17:41 com_github_MitjaNemec_ReplicateLayout.replicate_layout 986:Dst text UUid:393ff419-0f8a-4b64-95c1-50ca27f15439
01-07 23:17:41 com_github_MitjaNemec_ReplicateLayout.replicate_layout 985:Src text UUid:b3e3ae75-4dab-45fc-8e58-3549f3e66c00
01-07 23:17:41 com_github_MitjaNemec_ReplicateLayout.replicate_layout 986:Dst text UUid:5e84463c-fea2-4367-9897-b9ce1002027c
01-07 23:17:41 com_github_MitjaNemec_ReplicateLayout.replicate_layout 985:Src text UUid:9803ed7b-bf03-42d8-b842-9430d3541bcb
01-07 23:17:41 com_github_MitjaNemec_ReplicateLayout.replicate_layout 986:Dst text UUid:b80d45a3-38bd-4451-9695-6e825820df24
01-07 23:17:41 com_github_MitjaNemec_ReplicateLayout.replicate_layout 985:Src text UUid:7f35927d-4019-4838-acfd-7876691fc2c0
01-07 23:17:41 com_github_MitjaNemec_ReplicateLayout.replicate_layout 986:Dst text UUid:51a2c41a-1152-4cef-a8d2-bf1337fbd7be
01-07 23:17:41 com_github_MitjaNemec_ReplicateLayout.replicate_layout 985:Src text UUid:1f4b8dbb-85dc-4579-8f3f-05009e517161
01-07 23:17:41 com_github_MitjaNemec_ReplicateLayout.replicate_layout 986:Dst text UUid:342e2b1f-8a07-41ed-9899-d5ef7cad1716
01-07 23:17:41 com_github_MitjaNemec_ReplicateLayout.replicate_layout 985:Src text UUid:bbeb6189-6100-436f-9d43-cf4b3efcf7ed
01-07 23:17:41 com_github_MitjaNemec_ReplicateLayout.replicate_layout 986:Dst text UUid:d84ea3cd-c383-4bbe-b632-adcd8f6906ad
01-07 23:17:41 com_github_MitjaNemec_ReplicateLayout.replicate_layout 985:Src text UUid:393e06d6-8716-4dc8-8c9b-ce76a28b27f5
01-07 23:17:41 com_github_MitjaNemec_ReplicateLayout.replicate_layout 986:Dst text UUid:f1d21ffe-1bd0-48bb-b898-adbe0d28a200
01-07 23:17:41 com_github_MitjaNemec_ReplicateLayout.replicate_layout 985:Src text UUid:3bcd869d-734b-48fa-8e16-02f951c81487
01-07 23:17:41 com_github_MitjaNemec_ReplicateLayout.replicate_layout 986:Dst text UUid:abb17307-183e-4757-b86f-941b8fb06474
01-07 23:17:41 com_github_MitjaNemec_ReplicateLayout.replicate_layout 985:Src text UUid:cc9effbb-6567-4951-8359-126015c84215
01-07 23:17:41 com_github_MitjaNemec_ReplicateLayout.replicate_layout 986:Dst text UUid:41f36707-99fe-4fb1-9a85-330929184b83
01-07 23:17:41 com_github_MitjaNemec_ReplicateLayout.replicate_layout 985:Src text UUid:1f08faf2-fcda-4593-8632-3f9a287b01ef
01-07 23:17:41 com_github_MitjaNemec_ReplicateLayout.replicate_layout 986:Dst text UUid:7053268a-7348-4384-a0cb-82a59263a48e
01-07 23:17:41 com_github_MitjaNemec_ReplicateLayout.replicate_layout 985:Src text UUid:e6cd20d4-51d4-47ab-8703-095f86dfdb4d
01-07 23:17:41 com_github_MitjaNemec_ReplicateLayout.replicate_layout 986:Dst text UUid:99fbde20-a5f3-4f88-b431-6ae19b1335bd
01-07 23:17:41 com_github_MitjaNemec_ReplicateLayout.replicate_layout 985:Src text UUid:a8b07e43-8279-4ea5-9cd5-ec4b8feba02e
01-07 23:17:41 com_github_MitjaNemec_ReplicateLayout.replicate_layout 986:Dst text UUid:4ff12d52-7fc1-4027-8a3c-9222e9fcfd71
01-07 23:17:41 com_github_MitjaNemec_ReplicateLayout.replicate_layout 985:Src text UUid:b3183881-032e-4e04-abf7-a2f382fabab7
01-07 23:17:41 com_github_MitjaNemec_ReplicateLayout.replicate_layout 986:Dst text UUid:f9664569-2e29-4b5e-a30a-bf13f7f72e41
01-07 23:17:41 com_github_MitjaNemec_ReplicateLayout.replicate_layout 985:Src text UUid:9fc45393-62e6-4d81-9a51-50b8a961d9a9
01-07 23:17:41 com_github_MitjaNemec_ReplicateLayout.replicate_layout 986:Dst text UUid:b5355d16-a355-4b98-8eab-ae358b7ec862
01-07 23:17:41 com_github_MitjaNemec_ReplicateLayout.replicate_layout 985:Src text UUid:d4b8e64c-b73b-48c3-aeab-2ea8898f63cf
01-07 23:17:41 com_github_MitjaNemec_ReplicateLayout.replicate_layout 986:Dst text UUid:576268a7-9e81-4da5-b6fa-9c7a5cba3910
01-07 23:17:41 com_github_MitjaNemec_ReplicateLayout.replicate_layout 985:Src text UUid:0dbb85c6-71e8-409f-97b6-18c4d4dc65dc
01-07 23:17:41 com_github_MitjaNemec_ReplicateLayout.replicate_layout 986:Dst text UUid:76fea651-a6b1-43f6-ad64-bdda28a04ab1
01-07 23:17:41 com_github_MitjaNemec_ReplicateLayout.replicate_layout 985:Src text UUid:a7e60dab-391c-41ec-b098-ce0a35f0040f
01-07 23:17:41 com_github_MitjaNemec_ReplicateLayout.replicate_layout 986:Dst text UUid:fd0d3f31-9925-4170-add5-ffc829605c90
01-07 23:17:41 com_github_MitjaNemec_ReplicateLayout.replicate_layout 985:Src text UUid:65b81a2b-29db-4347-80db-17a880a5c6b3
01-07 23:17:41 com_github_MitjaNemec_ReplicateLayout.replicate_layout 986:Dst text UUid:8070fd97-fbe6-40d0-b180-043c3434279d
01-07 23:17:41 com_github_MitjaNemec_ReplicateLayout.replicate_layout 985:Src text UUid:d44882a2-c206-4d9f-ba51-cd219497b0a2
01-07 23:17:41 com_github_MitjaNemec_ReplicateLayout.replicate_layout 986:Dst text UUid:df80f243-436e-4dd3-ba0a-55b1af6c4a70
01-07 23:17:41 com_github_MitjaNemec_ReplicateLayout.replicate_layout 985:Src text UUid:5c684e31-a265-49cb-8770-0e0553027301
01-07 23:17:41 com_github_MitjaNemec_ReplicateLayout.replicate_layout 986:Dst text UUid:4784fb12-a75d-4146-8816-346da69e6383
01-07 23:17:41 com_github_MitjaNemec_ReplicateLayout.replicate_layout 985:Src text UUid:e30a148d-d3c6-4b28-ae0d-f5bd6e67c210
01-07 23:17:41 com_github_MitjaNemec_ReplicateLayout.replicate_layout 986:Dst text UUid:e80e27e7-99e6-462a-ba35-90f62be55646
01-07 23:17:41 com_github_MitjaNemec_ReplicateLayout.replicate_layout 985:Src text UUid:b72d8553-1b47-4279-aa9b-e096268fa898
01-07 23:17:41 com_github_MitjaNemec_ReplicateLayout.replicate_layout 986:Dst text UUid:8d416614-492a-44ad-8f09-fd612cced059
01-07 23:17:41 root 337:updating GUI with: 50
01-07 23:17:41 com_github_MitjaNemec_ReplicateLayout.replicate_layout 868:Replicating footprints on sheet ['drivergates3']
01-07 23:17:41 com_github_MitjaNemec_ReplicateLayout.replicate_layout 985:Src text UUid:b09a8f53-79a2-4b44-ba74-15e321acd832
01-07 23:17:41 com_github_MitjaNemec_ReplicateLayout.replicate_layout 986:Dst text UUid:be0a5ee0-f2fd-4b4c-a321-df054a2a09f6
01-07 23:17:41 com_github_MitjaNemec_ReplicateLayout.replicate_layout 985:Src text UUid:08b5047e-6245-4ef0-9e90-06f875384ce9
01-07 23:17:41 com_github_MitjaNemec_ReplicateLayout.replicate_layout 986:Dst text UUid:46cb50be-8503-4de7-b187-2e7b12428106
01-07 23:17:41 com_github_MitjaNemec_ReplicateLayout.replicate_layout 985:Src text UUid:e5588b07-88d5-43c5-8839-ad312a66bc73
01-07 23:17:41 com_github_MitjaNemec_ReplicateLayout.replicate_layout 986:Dst text UUid:9886adfa-95bb-4aa0-a7c7-5f637776e1fc
01-07 23:17:41 com_github_MitjaNemec_ReplicateLayout.replicate_layout 985:Src text UUid:01cdd090-a58d-41a1-a273-963a716ef0b8
01-07 23:17:41 com_github_MitjaNemec_ReplicateLayout.replicate_layout 986:Dst text UUid:4cd37051-e4bf-49a6-8532-7f256bbf93e9
01-07 23:17:41 com_github_MitjaNemec_ReplicateLayout.replicate_layout 985:Src text UUid:4b515f41-4e13-4046-a71b-edbe36bc3bf6
01-07 23:17:41 com_github_MitjaNemec_ReplicateLayout.replicate_layout 986:Dst text UUid:6522ceaa-1ab2-4f30-9b27-2db4e0079146
01-07 23:17:41 com_github_MitjaNemec_ReplicateLayout.replicate_layout 985:Src text UUid:b3b290e1-dd5f-431b-9248-868bebeb847f
01-07 23:17:41 com_github_MitjaNemec_ReplicateLayout.replicate_layout 986:Dst text UUid:9507ee99-cc04-4075-90b0-36d077e43ee5
01-07 23:17:41 com_github_MitjaNemec_ReplicateLayout.replicate_layout 985:Src text UUid:ff01dac2-eda6-4352-af73-fe20fe078d4d
01-07 23:17:41 com_github_MitjaNemec_ReplicateLayout.replicate_layout 986:Dst text UUid:08e91da9-d813-4882-beba-60330c49bacd
01-07 23:17:41 com_github_MitjaNemec_ReplicateLayout.replicate_layout 985:Src text UUid:7c68ecc5-ecc8-4a85-afb9-8dd674ea29a6
01-07 23:17:41 com_github_MitjaNemec_ReplicateLayout.replicate_layout 986:Dst text UUid:f43812d4-32ad-48c1-be3c-60e981e157eb
01-07 23:17:41 com_github_MitjaNemec_ReplicateLayout.replicate_layout 985:Src text UUid:9e3e4b79-f485-4bf4-974d-e2205f1d686a
01-07 23:17:41 com_github_MitjaNemec_ReplicateLayout.replicate_layout 986:Dst text UUid:59fc61c9-0780-45b1-a4c5-45613a5bbbef
01-07 23:17:41 com_github_MitjaNemec_ReplicateLayout.replicate_layout 985:Src text UUid:af700edc-44cb-4a85-91b1-fe63d53f05e4
01-07 23:17:41 com_github_MitjaNemec_ReplicateLayout.replicate_layout 986:Dst text UUid:ac875372-54fa-4fd8-b2f6-25f6be042a2b
01-07 23:17:41 com_github_MitjaNemec_ReplicateLayout.replicate_layout 985:Src text UUid:8fbd8ad1-e19a-4a34-9a50-9aa0f2d451e7
01-07 23:17:41 com_github_MitjaNemec_ReplicateLayout.replicate_layout 986:Dst text UUid:628c0103-949f-4609-85bd-5c5f361f9743
01-07 23:17:41 com_github_MitjaNemec_ReplicateLayout.replicate_layout 985:Src text UUid:9c7bbafd-62a0-48e6-b64b-132f00a11abc
01-07 23:17:41 com_github_MitjaNemec_ReplicateLayout.replicate_layout 986:Dst text UUid:ccdda418-246b-43ef-989a-cf0531fe0843
01-07 23:17:41 com_github_MitjaNemec_ReplicateLayout.replicate_layout 985:Src text UUid:991d758c-ca76-41a6-bee0-edb66840ced9
01-07 23:17:41 com_github_MitjaNemec_ReplicateLayout.replicate_layout 986:Dst text UUid:592fa382-727f-492f-a6f5-a4d3844bd147
01-07 23:17:41 com_github_MitjaNemec_ReplicateLayout.replicate_layout 985:Src text UUid:b2253908-c233-40a2-aa20-c4d24d9b84e5
01-07 23:17:41 com_github_MitjaNemec_ReplicateLayout.replicate_layout 986:Dst text UUid:d1dd1347-7d91-4b10-8cec-aa01227ced78
01-07 23:17:41 com_github_MitjaNemec_ReplicateLayout.replicate_layout 985:Src text UUid:f775bdb4-0fbc-4f0c-bc03-1c42f72794a3
01-07 23:17:41 com_github_MitjaNemec_ReplicateLayout.replicate_layout 986:Dst text UUid:84066a17-1811-478d-bb46-e26d4a7d9cf1
01-07 23:17:41 com_github_MitjaNemec_ReplicateLayout.replicate_layout 985:Src text UUid:b46fbb59-7f10-4bae-be5c-7b9c020f810b
01-07 23:17:41 com_github_MitjaNemec_ReplicateLayout.replicate_layout 986:Dst text UUid:a1c28f05-5e04-40cf-b13c-4be1003e4242
01-07 23:17:41 com_github_MitjaNemec_ReplicateLayout.replicate_layout 985:Src text UUid:a34735de-8a4f-4ea4-b496-dfbe664b13d2
01-07 23:17:41 com_github_MitjaNemec_ReplicateLayout.replicate_layout 986:Dst text UUid:5e519cf1-8d2e-44ec-bcfe-dc145e1e5e5e
01-07 23:17:41 com_github_MitjaNemec_ReplicateLayout.replicate_layout 985:Src text UUid:70904b67-759c-48f4-8e6c-afc1fa6f167c
01-07 23:17:41 com_github_MitjaNemec_ReplicateLayout.replicate_layout 986:Dst text UUid:1a960a85-6eef-4fdf-9d55-74b5401180c8
01-07 23:17:41 com_github_MitjaNemec_ReplicateLayout.replicate_layout 985:Src text UUid:c53e56b3-90bd-4910-94c2-6ed97533e546
01-07 23:17:41 com_github_MitjaNemec_ReplicateLayout.replicate_layout 986:Dst text UUid:88a6633d-35aa-4307-9425-42ff767f300e
01-07 23:17:41 com_github_MitjaNemec_ReplicateLayout.replicate_layout 985:Src text UUid:87b2e3ca-ba9f-4cfa-beeb-5e3ec21194e5
01-07 23:17:41 com_github_MitjaNemec_ReplicateLayout.replicate_layout 986:Dst text UUid:7b60259a-4db6-42ea-b452-9018c4800e6e
01-07 23:17:41 com_github_MitjaNemec_ReplicateLayout.replicate_layout 985:Src text UUid:394903af-40a5-461e-87e7-4a53c87e17b0
01-07 23:17:41 com_github_MitjaNemec_ReplicateLayout.replicate_layout 986:Dst text UUid:51a50814-005a-4489-9102-e40251350f69
01-07 23:17:41 com_github_MitjaNemec_ReplicateLayout.replicate_layout 985:Src text UUid:1510879b-b9dc-4fe9-b78f-f3841d983004
01-07 23:17:41 com_github_MitjaNemec_ReplicateLayout.replicate_layout 986:Dst text UUid:d5771383-956e-4b98-8fb8-9e1934938630
01-07 23:17:41 com_github_MitjaNemec_ReplicateLayout.replicate_layout 985:Src text UUid:12402e5f-dfc3-4912-b811-e5506bb3c2bc
01-07 23:17:41 com_github_MitjaNemec_ReplicateLayout.replicate_layout 986:Dst text UUid:495b3c1f-0851-41fb-b740-b99aa6064b7e
01-07 23:17:41 com_github_MitjaNemec_ReplicateLayout.replicate_layout 985:Src text UUid:2ea7a299-5c24-4b8b-873f-fc96567cbf84
01-07 23:17:41 com_github_MitjaNemec_ReplicateLayout.replicate_layout 986:Dst text UUid:ed095d09-1f19-4545-9ffb-2a2da698dbf4
01-07 23:17:41 com_github_MitjaNemec_ReplicateLayout.replicate_layout 985:Src text UUid:b3e3ae75-4dab-45fc-8e58-3549f3e66c00
01-07 23:17:41 com_github_MitjaNemec_ReplicateLayout.replicate_layout 986:Dst text UUid:269ee5b3-0e3c-455c-8b8b-36a381091499
01-07 23:17:41 com_github_MitjaNemec_ReplicateLayout.replicate_layout 985:Src text UUid:9803ed7b-bf03-42d8-b842-9430d3541bcb
01-07 23:17:41 com_github_MitjaNemec_ReplicateLayout.replicate_layout 986:Dst text UUid:e0499747-eeb1-4591-b0cf-118def3177fa
01-07 23:17:41 com_github_MitjaNemec_ReplicateLayout.replicate_layout 985:Src text UUid:7f35927d-4019-4838-acfd-7876691fc2c0
01-07 23:17:41 com_github_MitjaNemec_ReplicateLayout.replicate_layout 986:Dst text UUid:d5ba450c-27ef-4e5f-b9b5-075f18e51a62
01-07 23:17:41 com_github_MitjaNemec_ReplicateLayout.replicate_layout 985:Src text UUid:1f4b8dbb-85dc-4579-8f3f-05009e517161
01-07 23:17:41 com_github_MitjaNemec_ReplicateLayout.replicate_layout 986:Dst text UUid:bbed7986-2615-47d3-8a9c-9bb61455128d
01-07 23:17:41 com_github_MitjaNemec_ReplicateLayout.replicate_layout 985:Src text UUid:bbeb6189-6100-436f-9d43-cf4b3efcf7ed
01-07 23:17:41 com_github_MitjaNemec_ReplicateLayout.replicate_layout 986:Dst text UUid:2f5c2554-35d1-4fc2-892a-fff1a53ac935
01-07 23:17:41 com_github_MitjaNemec_ReplicateLayout.replicate_layout 985:Src text UUid:393e06d6-8716-4dc8-8c9b-ce76a28b27f5
01-07 23:17:41 com_github_MitjaNemec_ReplicateLayout.replicate_layout 986:Dst text UUid:d774d289-6859-44f8-aa6d-9fbfabe8bf99
01-07 23:17:41 com_github_MitjaNemec_ReplicateLayout.replicate_layout 985:Src text UUid:3bcd869d-734b-48fa-8e16-02f951c81487
01-07 23:17:41 com_github_MitjaNemec_ReplicateLayout.replicate_layout 986:Dst text UUid:a92f2ec3-81d7-4dae-a32c-af3ab74d858e
01-07 23:17:41 com_github_MitjaNemec_ReplicateLayout.replicate_layout 985:Src text UUid:cc9effbb-6567-4951-8359-126015c84215
01-07 23:17:41 com_github_MitjaNemec_ReplicateLayout.replicate_layout 986:Dst text UUid:be59cb61-4b0f-4ddc-b529-a3d7455596fd
01-07 23:17:41 com_github_MitjaNemec_ReplicateLayout.replicate_layout 985:Src text UUid:1f08faf2-fcda-4593-8632-3f9a287b01ef
01-07 23:17:41 com_github_MitjaNemec_ReplicateLayout.replicate_layout 986:Dst text UUid:cad4bccf-9105-4b91-b090-5fcc10129846
01-07 23:17:41 com_github_MitjaNemec_ReplicateLayout.replicate_layout 985:Src text UUid:e6cd20d4-51d4-47ab-8703-095f86dfdb4d
01-07 23:17:41 com_github_MitjaNemec_ReplicateLayout.replicate_layout 986:Dst text UUid:2f7aab72-cbce-4230-b705-8627244a7676
01-07 23:17:41 com_github_MitjaNemec_ReplicateLayout.replicate_layout 985:Src text UUid:a8b07e43-8279-4ea5-9cd5-ec4b8feba02e
01-07 23:17:41 com_github_MitjaNemec_ReplicateLayout.replicate_layout 986:Dst text UUid:5be63f9e-e955-4780-865a-cb282caa33d6
01-07 23:17:41 com_github_MitjaNemec_ReplicateLayout.replicate_layout 985:Src text UUid:b3183881-032e-4e04-abf7-a2f382fabab7
01-07 23:17:41 com_github_MitjaNemec_ReplicateLayout.replicate_layout 986:Dst text UUid:650226cd-0342-4878-8617-1b684719b327
01-07 23:17:41 com_github_MitjaNemec_ReplicateLayout.replicate_layout 985:Src text UUid:9fc45393-62e6-4d81-9a51-50b8a961d9a9
01-07 23:17:41 com_github_MitjaNemec_ReplicateLayout.replicate_layout 986:Dst text UUid:37b51dab-33e2-4f30-8ae4-d0d03eb5bcbe
01-07 23:17:41 com_github_MitjaNemec_ReplicateLayout.replicate_layout 985:Src text UUid:d4b8e64c-b73b-48c3-aeab-2ea8898f63cf
01-07 23:17:41 com_github_MitjaNemec_ReplicateLayout.replicate_layout 986:Dst text UUid:2ea5e3cf-a477-422f-8956-054017c5e62c
01-07 23:17:41 com_github_MitjaNemec_ReplicateLayout.replicate_layout 985:Src text UUid:0dbb85c6-71e8-409f-97b6-18c4d4dc65dc
01-07 23:17:41 com_github_MitjaNemec_ReplicateLayout.replicate_layout 986:Dst text UUid:f8551526-af80-48ce-b2e1-deeaecb6bb56
01-07 23:17:41 com_github_MitjaNemec_ReplicateLayout.replicate_layout 985:Src text UUid:a7e60dab-391c-41ec-b098-ce0a35f0040f
01-07 23:17:41 com_github_MitjaNemec_ReplicateLayout.replicate_layout 986:Dst text UUid:b36930a7-224c-4d30-ae2b-2d3b2c58baba
01-07 23:17:41 com_github_MitjaNemec_ReplicateLayout.replicate_layout 985:Src text UUid:65b81a2b-29db-4347-80db-17a880a5c6b3
01-07 23:17:41 com_github_MitjaNemec_ReplicateLayout.replicate_layout 986:Dst text UUid:1f9abc91-ae24-4eea-a340-a82a2764dee3
01-07 23:17:41 com_github_MitjaNemec_ReplicateLayout.replicate_layout 985:Src text UUid:d44882a2-c206-4d9f-ba51-cd219497b0a2
01-07 23:17:41 com_github_MitjaNemec_ReplicateLayout.replicate_layout 986:Dst text UUid:e0e7f2c5-ee28-47f7-901e-999f07b655c9
01-07 23:17:41 com_github_MitjaNemec_ReplicateLayout.replicate_layout 985:Src text UUid:5c684e31-a265-49cb-8770-0e0553027301
01-07 23:17:41 com_github_MitjaNemec_ReplicateLayout.replicate_layout 986:Dst text UUid:c5e81895-1a0b-4d23-adeb-8b119fe99f3f
01-07 23:17:41 com_github_MitjaNemec_ReplicateLayout.replicate_layout 985:Src text UUid:e30a148d-d3c6-4b28-ae0d-f5bd6e67c210
01-07 23:17:41 com_github_MitjaNemec_ReplicateLayout.replicate_layout 986:Dst text UUid:5b38498b-efed-49e3-9298-97b273931bc5
01-07 23:17:41 com_github_MitjaNemec_ReplicateLayout.replicate_layout 985:Src text UUid:b72d8553-1b47-4279-aa9b-e096268fa898
01-07 23:17:41 com_github_MitjaNemec_ReplicateLayout.replicate_layout 986:Dst text UUid:4692a4e5-9e59-4eef-8c6a-d5dfb6969a3a
01-07 23:17:41 com_github_MitjaNemec_ReplicateLayout.replicate_layout 328:Removing tracks and zones, after footprint placement
01-07 23:17:41 root 332:updating GUI message: 'Removing zones and tracks'
01-07 23:17:41 com_github_MitjaNemec_ReplicateLayout.replicate_layout 1277:Remove bounding box top:35925000, bottom:135815000, Left:100442501, Right:259592501
01-07 23:17:41 com_github_MitjaNemec_ReplicateLayout.replicate_layout 1277:Remove bounding box top:45665000, bottom:110750000, Left:113882501, Right:263672501
01-07 23:17:41 root 332:updating GUI message: 'Replicating tracks'
01-07 23:17:41 root 337:updating GUI with: 0
01-07 23:17:41 com_github_MitjaNemec_ReplicateLayout.replicate_layout 1009:Replicating tracks
01-07 23:17:41 com_github_MitjaNemec_ReplicateLayout.replicate_layout 1015:Replicating tracks on sheet ['drivergates1']
01-07 23:17:41 com_github_MitjaNemec_ReplicateLayout.replicate_layout 792:Net pairs for sheet ['drivergates1'] :[('Net-(IC12-LO)', 'Net-(IC4-LO)'), ('Net-(D53-A)', 'Net-(D1-A)'), ('/drivergates2/PWM_V_L', '/drivergates1/PWM_V_L'), ('/drivergates2/PWM_U_H', '/drivergates1/PWM_U_H'), ('Net-(D55-A)', 'Net-(D3-A)'), ('Net-(D55-K)', 'Net-(D3-K)'), ('unconnected-(IC9-EP-Pad9)', 'unconnected-(IC1-EP-Pad9)'), ('Net-(D54-A)', 'Net-(D2-A)'), ('/drivergates2/PWM_V_H', '/drivergates1/PWM_V_H'), ('Net-(IC9-LO)', 'Net-(IC1-LO)'), ('Net-(IC10-HS)', 'Net-(IC2-HS)'), ('Net-(D53-K)', 'Net-(D1-K)'), ('/drivergates2/PWM_U_L', '/drivergates1/PWM_U_L'), ('/drivergates2/PWM_W_H', '/drivergates1/PWM_W_H'), ('Net-(IC10-LO)', 'Net-(IC2-LO)'), ('unconnected-(IC10-EP-Pad9)', 'unconnected-(IC2-EP-Pad9)'), ('/drivergates2/PWM_W_L', '/drivergates1/PWM_W_L'), ('unconnected-(IC12-EP-Pad9)', 'unconnected-(IC4-EP-Pad9)'), ('Net-(IC9-HO)', 'Net-(IC1-HO)'), ('Net-(IC12-HO)', 'Net-(IC4-HO)'), ('Net-(D54-K)', 'Net-(D2-K)'), ('Net-(IC10-HO)', 'Net-(IC2-HO)'), ('+12V', '+12V'), ('Net-(IC9-HS)', 'Net-(IC1-HS)'), ('GND', 'GND'), ('Net-(IC12-HS)', 'Net-(IC4-HS)')]
01-07 23:17:41 com_github_MitjaNemec_ReplicateLayout.replicate_layout 1015:Replicating tracks on sheet ['drivergates3']
01-07 23:17:41 com_github_MitjaNemec_ReplicateLayout.replicate_layout 792:Net pairs for sheet ['drivergates3'] :[('/drivergates2/PWM_V_L', '/drivergates3/PWM_V_L'), ('unconnected-(IC12-EP-Pad9)', 'unconnected-(IC17-EP-Pad9)'), ('Net-(IC10-HS)', 'Net-(IC15-HS)'), ('Net-(D55-A)', 'Net-(D77-A)'), ('Net-(IC10-HO)', 'Net-(IC15-HO)'), ('unconnected-(IC9-EP-Pad9)', 'unconnected-(IC14-EP-Pad9)'), ('/drivergates2/PWM_U_L', '/drivergates3/PWM_U_L'), ('Net-(IC9-LO)', 'Net-(IC14-LO)'), ('Net-(IC12-HS)', 'Net-(IC17-HS)'), ('Net-(IC10-LO)', 'Net-(IC15-LO)'), ('Net-(D54-K)', 'Net-(D76-K)'), ('Net-(IC9-HO)', 'Net-(IC14-HO)'), ('Net-(D55-K)', 'Net-(D77-K)'), ('Net-(D53-K)', 'Net-(D75-K)'), ('Net-(D53-A)', 'Net-(D75-A)'), ('Net-(IC12-HO)', 'Net-(IC17-HO)'), ('Net-(IC9-HS)', 'Net-(IC14-HS)'), ('/drivergates2/PWM_U_H', '/drivergates3/PWM_U_H'), ('+12V', '+12V'), ('Net-(D54-A)', 'Net-(D76-A)'), ('Net-(IC12-LO)', 'Net-(IC17-LO)'), ('unconnected-(IC10-EP-Pad9)', 'unconnected-(IC15-EP-Pad9)'), ('/drivergates2/PWM_V_H', '/drivergates3/PWM_V_H'), ('/drivergates2/PWM_W_H', '/drivergates3/PWM_W_H'), ('/drivergates2/PWM_W_L', '/drivergates3/PWM_W_L'), ('GND', 'GND')]
01-07 23:17:41 root 332:updating GUI message: 'Replicating zones'
01-07 23:17:41 com_github_MitjaNemec_ReplicateLayout.replicate_layout 1079:Replicating zones
01-07 23:17:41 com_github_MitjaNemec_ReplicateLayout.replicate_layout 1086:Replicating zones on sheet ['drivergates1']
01-07 23:17:41 com_github_MitjaNemec_ReplicateLayout.replicate_layout 792:Net pairs for sheet ['drivergates1'] :[('Net-(IC12-LO)', 'Net-(IC4-LO)'), ('Net-(D53-A)', 'Net-(D1-A)'), ('/drivergates2/PWM_V_L', '/drivergates1/PWM_V_L'), ('/drivergates2/PWM_U_H', '/drivergates1/PWM_U_H'), ('Net-(D55-A)', 'Net-(D3-A)'), ('Net-(D55-K)', 'Net-(D3-K)'), ('unconnected-(IC9-EP-Pad9)', 'unconnected-(IC1-EP-Pad9)'), ('Net-(D54-A)', 'Net-(D2-A)'), ('/drivergates2/PWM_V_H', '/drivergates1/PWM_V_H'), ('Net-(IC9-LO)', 'Net-(IC1-LO)'), ('Net-(IC10-HS)', 'Net-(IC2-HS)'), ('Net-(D53-K)', 'Net-(D1-K)'), ('/drivergates2/PWM_U_L', '/drivergates1/PWM_U_L'), ('/drivergates2/PWM_W_H', '/drivergates1/PWM_W_H'), ('Net-(IC10-LO)', 'Net-(IC2-LO)'), ('unconnected-(IC10-EP-Pad9)', 'unconnected-(IC2-EP-Pad9)'), ('/drivergates2/PWM_W_L', '/drivergates1/PWM_W_L'), ('unconnected-(IC12-EP-Pad9)', 'unconnected-(IC4-EP-Pad9)'), ('Net-(IC9-HO)', 'Net-(IC1-HO)'), ('Net-(IC12-HO)', 'Net-(IC4-HO)'), ('Net-(D54-K)', 'Net-(D2-K)'), ('Net-(IC10-HO)', 'Net-(IC2-HO)'), ('+12V', '+12V'), ('Net-(IC9-HS)', 'Net-(IC1-HS)'), ('GND', 'GND'), ('Net-(IC12-HS)', 'Net-(IC4-HS)')]
01-07 23:17:41 com_github_MitjaNemec_ReplicateLayout.replicate_layout 1086:Replicating zones on sheet ['drivergates3']
01-07 23:17:41 com_github_MitjaNemec_ReplicateLayout.replicate_layout 792:Net pairs for sheet ['drivergates3'] :[('/drivergates2/PWM_V_L', '/drivergates3/PWM_V_L'), ('unconnected-(IC12-EP-Pad9)', 'unconnected-(IC17-EP-Pad9)'), ('Net-(IC10-HS)', 'Net-(IC15-HS)'), ('Net-(D55-A)', 'Net-(D77-A)'), ('Net-(IC10-HO)', 'Net-(IC15-HO)'), ('unconnected-(IC9-EP-Pad9)', 'unconnected-(IC14-EP-Pad9)'), ('/drivergates2/PWM_U_L', '/drivergates3/PWM_U_L'), ('Net-(IC9-LO)', 'Net-(IC14-LO)'), ('Net-(IC12-HS)', 'Net-(IC17-HS)'), ('Net-(IC10-LO)', 'Net-(IC15-LO)'), ('Net-(D54-K)', 'Net-(D76-K)'), ('Net-(IC9-HO)', 'Net-(IC14-HO)'), ('Net-(D55-K)', 'Net-(D77-K)'), ('Net-(D53-K)', 'Net-(D75-K)'), ('Net-(D53-A)', 'Net-(D75-A)'), ('Net-(IC12-HO)', 'Net-(IC17-HO)'), ('Net-(IC9-HS)', 'Net-(IC14-HS)'), ('/drivergates2/PWM_U_H', '/drivergates3/PWM_U_H'), ('+12V', '+12V'), ('Net-(D54-A)', 'Net-(D76-A)'), ('Net-(IC12-LO)', 'Net-(IC17-LO)'), ('unconnected-(IC10-EP-Pad9)', 'unconnected-(IC15-EP-Pad9)'), ('/drivergates2/PWM_V_H', '/drivergates3/PWM_V_H'), ('/drivergates2/PWM_W_H', '/drivergates3/PWM_W_H'), ('/drivergates2/PWM_W_L', '/drivergates3/PWM_W_L'), ('GND', 'GND')]
01-07 23:17:41 root 332:updating GUI message: 'Replicating text'
01-07 23:17:41 com_github_MitjaNemec_ReplicateLayout.replicate_layout 1168:Replicating text
01-07 23:17:41 com_github_MitjaNemec_ReplicateLayout.replicate_layout 1175:Replicating text on sheet ['drivergates1']
01-07 23:17:41 com_github_MitjaNemec_ReplicateLayout.replicate_layout 1175:Replicating text on sheet ['drivergates3']
01-07 23:17:41 root 332:updating GUI message: 'Replicating drawings'
01-07 23:17:41 com_github_MitjaNemec_ReplicateLayout.replicate_layout 1219:Replicating drawings
01-07 23:17:41 com_github_MitjaNemec_ReplicateLayout.replicate_layout 1225:Replicating drawings on sheet ['drivergates1']
01-07 23:17:41 com_github_MitjaNemec_ReplicateLayout.replicate_layout 1225:Replicating drawings on sheet ['drivergates3']
01-07 23:17:42 com_github_MitjaNemec_ReplicateLayout.action_replicate_layout 256:Replication complete
